                                 Started job on |	Jan 13 12:51:49
                             Started mapping on |	Jan 13 12:51:52
                                    Finished on |	Jan 13 12:52:09
       Mapping speed, Million of reads per hour |	9.02

                          Number of input reads |	42614
                      Average input read length |	99
                                    UNIQUE READS:
                   Uniquely mapped reads number |	11600
                        Uniquely mapped reads % |	27.22%
                          Average mapped length |	99.06
                       Number of splices: Total |	1398
            Number of splices: Annotated (sjdb) |	1267
                       Number of splices: GT/AG |	1366
                       Number of splices: GC/AG |	14
                       Number of splices: AT/AC |	0
               Number of splices: Non-canonical |	18
                      Mismatch rate per base, % |	1.34%
                         Deletion rate per base |	0.06%
                        Deletion average length |	2.24
                        Insertion rate per base |	0.05%
                       Insertion average length |	1.93
                             MULTI-MAPPING READS:
        Number of reads mapped to multiple loci |	199
             % of reads mapped to multiple loci |	0.47%
        Number of reads mapped to too many loci |	26
             % of reads mapped to too many loci |	0.06%
                                  UNMAPPED READS:
  Number of reads unmapped: too many mismatches |	0
       % of reads unmapped: too many mismatches |	0.00%
            Number of reads unmapped: too short |	30785
                 % of reads unmapped: too short |	72.24%
                Number of reads unmapped: other |	4
                     % of reads unmapped: other |	0.01%
                                  CHIMERIC READS:
                       Number of chimeric reads |	0
                            % of chimeric reads |	0.00%
