                                 Started job on |	Jan 13 12:52:22
                             Started mapping on |	Jan 13 12:52:22
                                    Finished on |	Jan 13 12:52:39
       Mapping speed, Million of reads per hour |	8.14

                          Number of input reads |	38454
                      Average input read length |	99
                                    UNIQUE READS:
                   Uniquely mapped reads number |	10006
                        Uniquely mapped reads % |	26.02%
                          Average mapped length |	99.07
                       Number of splices: Total |	1066
            Number of splices: Annotated (sjdb) |	964
                       Number of splices: GT/AG |	1040
                       Number of splices: GC/AG |	11
                       Number of splices: AT/AC |	0
               Number of splices: Non-canonical |	15
                      Mismatch rate per base, % |	1.44%
                         Deletion rate per base |	0.05%
                        Deletion average length |	2.34
                        Insertion rate per base |	0.05%
                       Insertion average length |	1.94
                             MULTI-MAPPING READS:
        Number of reads mapped to multiple loci |	151
             % of reads mapped to multiple loci |	0.39%
        Number of reads mapped to too many loci |	27
             % of reads mapped to too many loci |	0.07%
                                  UNMAPPED READS:
  Number of reads unmapped: too many mismatches |	0
       % of reads unmapped: too many mismatches |	0.00%
            Number of reads unmapped: too short |	28258
                 % of reads unmapped: too short |	73.49%
                Number of reads unmapped: other |	12
                     % of reads unmapped: other |	0.03%
                                  CHIMERIC READS:
                       Number of chimeric reads |	0
                            % of chimeric reads |	0.00%
