                                 Started job on |	Jan 13 12:52:22
                             Started mapping on |	Jan 13 12:52:22
                                    Finished on |	Jan 13 12:52:49
       Mapping speed, Million of reads per hour |	55.11

                          Number of input reads |	413306
                      Average input read length |	99
                                    UNIQUE READS:
                   Uniquely mapped reads number |	283626
                        Uniquely mapped reads % |	68.62%
                          Average mapped length |	98.09
                       Number of splices: Total |	30771
            Number of splices: Annotated (sjdb) |	25793
                       Number of splices: GT/AG |	28262
                       Number of splices: GC/AG |	194
                       Number of splices: AT/AC |	7
               Number of splices: Non-canonical |	2308
                      Mismatch rate per base, % |	1.95%
                         Deletion rate per base |	0.04%
                        Deletion average length |	1.97
                        Insertion rate per base |	0.06%
                       Insertion average length |	2.12
                             MULTI-MAPPING READS:
        Number of reads mapped to multiple loci |	5387
             % of reads mapped to multiple loci |	1.30%
        Number of reads mapped to too many loci |	33
             % of reads mapped to too many loci |	0.01%
                                  UNMAPPED READS:
  Number of reads unmapped: too many mismatches |	0
       % of reads unmapped: too many mismatches |	0.00%
            Number of reads unmapped: too short |	124257
                 % of reads unmapped: too short |	30.06%
                Number of reads unmapped: other |	3
                     % of reads unmapped: other |	0.00%
                                  CHIMERIC READS:
                       Number of chimeric reads |	0
                            % of chimeric reads |	0.00%
