                                 Started job on |	Jan 13 12:52:22
                             Started mapping on |	Jan 13 12:52:22
                                    Finished on |	Jan 13 12:52:44
       Mapping speed, Million of reads per hour |	10.21

                          Number of input reads |	62402
                      Average input read length |	99
                                    UNIQUE READS:
                   Uniquely mapped reads number |	33437
                        Uniquely mapped reads % |	53.58%
                          Average mapped length |	98.10
                       Number of splices: Total |	4929
            Number of splices: Annotated (sjdb) |	4397
                       Number of splices: GT/AG |	4831
                       Number of splices: GC/AG |	43
                       Number of splices: AT/AC |	0
               Number of splices: Non-canonical |	55
                      Mismatch rate per base, % |	4.18%
                         Deletion rate per base |	0.15%
                        Deletion average length |	2.16
                        Insertion rate per base |	0.06%
                       Insertion average length |	2.19
                             MULTI-MAPPING READS:
        Number of reads mapped to multiple loci |	569
             % of reads mapped to multiple loci |	0.91%
        Number of reads mapped to too many loci |	14
             % of reads mapped to too many loci |	0.02%
                                  UNMAPPED READS:
  Number of reads unmapped: too many mismatches |	0
       % of reads unmapped: too many mismatches |	0.00%
            Number of reads unmapped: too short |	28381
                 % of reads unmapped: too short |	45.48%
                Number of reads unmapped: other |	1
                     % of reads unmapped: other |	0.00%
                                  CHIMERIC READS:
                       Number of chimeric reads |	0
                            % of chimeric reads |	0.00%
