                                 Started job on |	Jan 13 12:52:51
                             Started mapping on |	Jan 13 12:52:51
                                    Finished on |	Jan 13 12:53:24
       Mapping speed, Million of reads per hour |	79.61

                          Number of input reads |	729752
                      Average input read length |	99
                                    UNIQUE READS:
                   Uniquely mapped reads number |	544325
                        Uniquely mapped reads % |	74.59%
                          Average mapped length |	98.90
                       Number of splices: Total |	85777
            Number of splices: Annotated (sjdb) |	76793
                       Number of splices: GT/AG |	83096
                       Number of splices: GC/AG |	720
                       Number of splices: AT/AC |	2
               Number of splices: Non-canonical |	1959
                      Mismatch rate per base, % |	1.37%
                         Deletion rate per base |	0.04%
                        Deletion average length |	2.10
                        Insertion rate per base |	0.04%
                       Insertion average length |	2.03
                             MULTI-MAPPING READS:
        Number of reads mapped to multiple loci |	5884
             % of reads mapped to multiple loci |	0.81%
        Number of reads mapped to too many loci |	36
             % of reads mapped to too many loci |	0.00%
                                  UNMAPPED READS:
  Number of reads unmapped: too many mismatches |	0
       % of reads unmapped: too many mismatches |	0.00%
            Number of reads unmapped: too short |	179502
                 % of reads unmapped: too short |	24.60%
                Number of reads unmapped: other |	5
                     % of reads unmapped: other |	0.00%
                                  CHIMERIC READS:
                       Number of chimeric reads |	0
                            % of chimeric reads |	0.00%
