                                 Started job on |	Jan 13 12:52:22
                             Started mapping on |	Jan 13 12:52:22
                                    Finished on |	Jan 13 12:52:33
       Mapping speed, Million of reads per hour |	6.82

                          Number of input reads |	20830
                      Average input read length |	99
                                    UNIQUE READS:
                   Uniquely mapped reads number |	171
                        Uniquely mapped reads % |	0.82%
                          Average mapped length |	94.11
                       Number of splices: Total |	10
            Number of splices: Annotated (sjdb) |	3
                       Number of splices: GT/AG |	4
                       Number of splices: GC/AG |	0
                       Number of splices: AT/AC |	0
               Number of splices: Non-canonical |	6
                      Mismatch rate per base, % |	4.54%
                         Deletion rate per base |	0.00%
                        Deletion average length |	0.00
                        Insertion rate per base |	0.07%
                       Insertion average length |	1.10
                             MULTI-MAPPING READS:
        Number of reads mapped to multiple loci |	20
             % of reads mapped to multiple loci |	0.10%
        Number of reads mapped to too many loci |	10
             % of reads mapped to too many loci |	0.05%
                                  UNMAPPED READS:
  Number of reads unmapped: too many mismatches |	0
       % of reads unmapped: too many mismatches |	0.00%
            Number of reads unmapped: too short |	20625
                 % of reads unmapped: too short |	99.02%
                Number of reads unmapped: other |	4
                     % of reads unmapped: other |	0.02%
                                  CHIMERIC READS:
                       Number of chimeric reads |	0
                            % of chimeric reads |	0.00%
