                                 Started job on |	Jan 13 12:52:51
                             Started mapping on |	Jan 13 12:52:52
                                    Finished on |	Jan 13 12:53:08
       Mapping speed, Million of reads per hour |	6.85

                          Number of input reads |	30450
                      Average input read length |	99
                                    UNIQUE READS:
                   Uniquely mapped reads number |	3022
                        Uniquely mapped reads % |	9.92%
                          Average mapped length |	98.77
                       Number of splices: Total |	302
            Number of splices: Annotated (sjdb) |	269
                       Number of splices: GT/AG |	291
                       Number of splices: GC/AG |	2
                       Number of splices: AT/AC |	0
               Number of splices: Non-canonical |	9
                      Mismatch rate per base, % |	1.91%
                         Deletion rate per base |	0.05%
                        Deletion average length |	2.45
                        Insertion rate per base |	0.06%
                       Insertion average length |	1.90
                             MULTI-MAPPING READS:
        Number of reads mapped to multiple loci |	128
             % of reads mapped to multiple loci |	0.42%
        Number of reads mapped to too many loci |	18
             % of reads mapped to too many loci |	0.06%
                                  UNMAPPED READS:
  Number of reads unmapped: too many mismatches |	0
       % of reads unmapped: too many mismatches |	0.00%
            Number of reads unmapped: too short |	27277
                 % of reads unmapped: too short |	89.58%
                Number of reads unmapped: other |	5
                     % of reads unmapped: other |	0.02%
                                  CHIMERIC READS:
                       Number of chimeric reads |	0
                            % of chimeric reads |	0.00%
