                                 Started job on |	Jan 13 12:53:21
                             Started mapping on |	Jan 13 12:53:21
                                    Finished on |	Jan 13 12:53:31
       Mapping speed, Million of reads per hour |	9.96

                          Number of input reads |	27660
                      Average input read length |	99
                                    UNIQUE READS:
                   Uniquely mapped reads number |	12827
                        Uniquely mapped reads % |	46.37%
                          Average mapped length |	97.99
                       Number of splices: Total |	1300
            Number of splices: Annotated (sjdb) |	1054
                       Number of splices: GT/AG |	1172
                       Number of splices: GC/AG |	12
                       Number of splices: AT/AC |	0
               Number of splices: Non-canonical |	116
                      Mismatch rate per base, % |	3.21%
                         Deletion rate per base |	0.09%
                        Deletion average length |	2.11
                        Insertion rate per base |	0.05%
                       Insertion average length |	2.06
                             MULTI-MAPPING READS:
        Number of reads mapped to multiple loci |	445
             % of reads mapped to multiple loci |	1.61%
        Number of reads mapped to too many loci |	15
             % of reads mapped to too many loci |	0.05%
                                  UNMAPPED READS:
  Number of reads unmapped: too many mismatches |	0
       % of reads unmapped: too many mismatches |	0.00%
            Number of reads unmapped: too short |	14372
                 % of reads unmapped: too short |	51.96%
                Number of reads unmapped: other |	1
                     % of reads unmapped: other |	0.00%
                                  CHIMERIC READS:
                       Number of chimeric reads |	0
                            % of chimeric reads |	0.00%
