                                 Started job on |	Jan 13 12:52:22
                             Started mapping on |	Jan 13 12:52:22
                                    Finished on |	Jan 13 12:52:31
       Mapping speed, Million of reads per hour |	6.47

                          Number of input reads |	16178
                      Average input read length |	99
                                    UNIQUE READS:
                   Uniquely mapped reads number |	333
                        Uniquely mapped reads % |	2.06%
                          Average mapped length |	96.43
                       Number of splices: Total |	20
            Number of splices: Annotated (sjdb) |	14
                       Number of splices: GT/AG |	15
                       Number of splices: GC/AG |	0
                       Number of splices: AT/AC |	0
               Number of splices: Non-canonical |	5
                      Mismatch rate per base, % |	3.52%
                         Deletion rate per base |	0.08%
                        Deletion average length |	2.17
                        Insertion rate per base |	0.04%
                       Insertion average length |	1.71
                             MULTI-MAPPING READS:
        Number of reads mapped to multiple loci |	30
             % of reads mapped to multiple loci |	0.19%
        Number of reads mapped to too many loci |	8
             % of reads mapped to too many loci |	0.05%
                                  UNMAPPED READS:
  Number of reads unmapped: too many mismatches |	0
       % of reads unmapped: too many mismatches |	0.00%
            Number of reads unmapped: too short |	15806
                 % of reads unmapped: too short |	97.70%
                Number of reads unmapped: other |	1
                     % of reads unmapped: other |	0.01%
                                  CHIMERIC READS:
                       Number of chimeric reads |	0
                            % of chimeric reads |	0.00%
