STAR version=2.7.11b
STAR compilation time,server,dir=2024-01-25T16:12:02-05:00 :/home/dobin/data/STAR/STARcode/STAR.master/source
STAR git: On branch master ; commit a72e5fa27331108f524211d667949dc5ff4072e8 ; diff files: CHANGES.md README.md doc/STARmanual.pdf extras/doc-latex/STARmanual.tex extras/doc-latex/parametersDefault.tex extras/docker/Dockerfile source/VERSION 
##### Command Line:
STAR --runThreadN 48 --genomeDir index/Feuw --readFilesCommand zcat --outFileNamePrefix results/STAR_fungi/Feuw_Mycangia_LP4 --readFilesIn results/bbsplit/Mycangia_LP4_fungus.fq.gz --outTmpDir /scratch/jstajich/22188365/Feuw_Mycangia_LP4
##### Initial USER parameters from Command Line:
outFileNamePrefix                 results/STAR_fungi/Feuw_Mycangia_LP4
outTmpDir                         /scratch/jstajich/22188365/Feuw_Mycangia_LP4
###### All USER parameters from Command Line:
runThreadN                    48     ~RE-DEFINED
genomeDir                     index/Feuw     ~RE-DEFINED
readFilesCommand              zcat        ~RE-DEFINED
outFileNamePrefix             results/STAR_fungi/Feuw_Mycangia_LP4     ~RE-DEFINED
readFilesIn                   results/bbsplit/Mycangia_LP4_fungus.fq.gz        ~RE-DEFINED
outTmpDir                     /scratch/jstajich/22188365/Feuw_Mycangia_LP4     ~RE-DEFINED
##### Finished reading parameters from all sources

##### Final user re-defined parameters-----------------:
runThreadN                        48
genomeDir                         index/Feuw
readFilesIn                       results/bbsplit/Mycangia_LP4_fungus.fq.gz   
readFilesCommand                  zcat   
outFileNamePrefix                 results/STAR_fungi/Feuw_Mycangia_LP4
outTmpDir                         /scratch/jstajich/22188365/Feuw_Mycangia_LP4

-------------------------------
##### Final effective command line:
STAR   --runThreadN 48   --genomeDir index/Feuw   --readFilesIn results/bbsplit/Mycangia_LP4_fungus.fq.gz      --readFilesCommand zcat      --outFileNamePrefix results/STAR_fungi/Feuw_Mycangia_LP4   --outTmpDir /scratch/jstajich/22188365/Feuw_Mycangia_LP4
----------------------------------------

Number of fastq files for each mate = 1

   Input read files for mate 1 :
-rw-rw-r-- 1 jstajich stajichlab 3177537 Jan 12 09:50 results/bbsplit/Mycangia_LP4_fungus.fq.gz

   readsCommandsFile:
exec > "/scratch/jstajich/22188365/Feuw_Mycangia_LP4/tmp.fifo.read1"
echo FILE 0
zcat      "results/bbsplit/Mycangia_LP4_fungus.fq.gz"

ParametersSolo: --soloCellFilterType CellRanger2.2 filtering parameters:  3000 0.99 10
Finished loading and checking parameters
Reading genome generation parameters:
### STAR   --runMode genomeGenerate      --runThreadN 2   --genomeDir index/Feuw   --genomeFastaFiles /bigdata/stajichlab/shared/projects/KassonLab/F_oligoseptatum_Beetle/alt_fungi/GCA_003957675.1_FeuwUCR1854v2_genomic.fna      --genomeSAindexNbases 11   --sjdbGTFfile /bigdata/stajichlab/shared/projects/KassonLab/F_oligoseptatum_Beetle/alt_fungi/genes/GCA_003957675.1_FeuwUCR1854v2_genomic.gtf   --sjdbOverhang 100
### GstrandBit=32
versionGenome                 2.7.4a     ~RE-DEFINED
genomeType                    Full     ~RE-DEFINED
genomeFastaFiles              /bigdata/stajichlab/shared/projects/KassonLab/F_oligoseptatum_Beetle/alt_fungi/GCA_003957675.1_FeuwUCR1854v2_genomic.fna        ~RE-DEFINED
genomeSAindexNbases           11     ~RE-DEFINED
genomeChrBinNbits             18     ~RE-DEFINED
genomeSAsparseD               1     ~RE-DEFINED
genomeTransformType           None     ~RE-DEFINED
genomeTransformVCF            -     ~RE-DEFINED
sjdbOverhang                  100     ~RE-DEFINED
sjdbFileChrStartEnd           -        ~RE-DEFINED
sjdbGTFfile                   /bigdata/stajichlab/shared/projects/KassonLab/F_oligoseptatum_Beetle/alt_fungi/genes/GCA_003957675.1_FeuwUCR1854v2_genomic.gtf     ~RE-DEFINED
sjdbGTFchrPrefix              -     ~RE-DEFINED
sjdbGTFfeatureExon            exon     ~RE-DEFINED
sjdbGTFtagExonParentTranscripttranscript_id     ~RE-DEFINED
sjdbGTFtagExonParentGene      gene_id     ~RE-DEFINED
sjdbInsertSave                Basic     ~RE-DEFINED
genomeFileSizes               475514548   470716269        ~RE-DEFINED
Genome version is compatible with current STAR
Number of real (reference) chromosomes= 1773
1	MIKF01000001.1	469083	0
2	MIKF01000010.1	320547	524288
3	MIKF01000099.1	118644	1048576
4	MIKF01000999.1	3938	1310720
5	MIKF01001000.1	3926	1572864
6	MIKF01001001.1	3912	1835008
7	MIKF01001002.1	3890	2097152
8	MIKF01001003.1	3886	2359296
9	MIKF01001004.1	3880	2621440
10	MIKF01001005.1	3874	2883584
11	MIKF01001006.1	3871	3145728
12	MIKF01001007.1	3763	3407872
13	MIKF01001008.1	3808	3670016
14	MIKF01000100.1	118548	3932160
15	MIKF01001009.1	3796	4194304
16	MIKF01001010.1	3794	4456448
17	MIKF01001011.1	3767	4718592
18	MIKF01001012.1	3766	4980736
19	MIKF01001013.1	3736	5242880
20	MIKF01001014.1	3733	5505024
21	MIKF01001015.1	3731	5767168
22	MIKF01001016.1	3723	6029312
23	MIKF01001017.1	3703	6291456
24	MIKF01001018.1	3703	6553600
25	MIKF01000101.1	117803	6815744
26	MIKF01001019.1	3689	7077888
27	MIKF01001020.1	3688	7340032
28	MIKF01001021.1	3674	7602176
29	MIKF01001022.1	3628	7864320
30	MIKF01001023.1	3614	8126464
31	MIKF01001024.1	3600	8388608
32	MIKF01001025.1	3585	8650752
33	MIKF01001026.1	3581	8912896
34	MIKF01001027.1	3564	9175040
35	MIKF01001028.1	3512	9437184
36	MIKF01000102.1	117413	9699328
37	MIKF01001029.1	3509	9961472
38	MIKF01001030.1	3509	10223616
39	MIKF01001031.1	3492	10485760
40	MIKF01001032.1	3483	10747904
41	MIKF01001033.1	3456	11010048
42	MIKF01001034.1	3437	11272192
43	MIKF01001035.1	3434	11534336
44	MIKF01001036.1	3430	11796480
45	MIKF01001037.1	3424	12058624
46	MIKF01001038.1	3418	12320768
47	MIKF01000103.1	116467	12582912
48	MIKF01001039.1	3409	12845056
49	MIKF01001040.1	3397	13107200
50	MIKF01001041.1	3383	13369344
51	MIKF01001042.1	3381	13631488
52	MIKF01001043.1	3377	13893632
53	MIKF01001044.1	3370	14155776
54	MIKF01001045.1	3362	14417920
55	MIKF01001046.1	3348	14680064
56	MIKF01001047.1	3346	14942208
57	MIKF01001048.1	3339	15204352
58	MIKF01000104.1	115881	15466496
59	MIKF01001049.1	3326	15728640
60	MIKF01001050.1	3317	15990784
61	MIKF01001051.1	3303	16252928
62	MIKF01001052.1	3297	16515072
63	MIKF01001053.1	3288	16777216
64	MIKF01001054.1	3285	17039360
65	MIKF01001055.1	3284	17301504
66	MIKF01001056.1	3276	17563648
67	MIKF01001057.1	3261	17825792
68	MIKF01001058.1	3252	18087936
69	MIKF01000105.1	115850	18350080
70	MIKF01001059.1	3226	18612224
71	MIKF01001060.1	3219	18874368
72	MIKF01001061.1	3215	19136512
73	MIKF01001062.1	3199	19398656
74	MIKF01001063.1	3196	19660800
75	MIKF01001064.1	3194	19922944
76	MIKF01001065.1	3156	20185088
77	MIKF01001066.1	3155	20447232
78	MIKF01001067.1	3154	20709376
79	MIKF01001068.1	3140	20971520
80	MIKF01000106.1	114397	21233664
81	MIKF01001069.1	3130	21495808
82	MIKF01001070.1	3124	21757952
83	MIKF01001071.1	3118	22020096
84	MIKF01001072.1	3113	22282240
85	MIKF01001073.1	3099	22544384
86	MIKF01001074.1	3088	22806528
87	MIKF01001075.1	3088	23068672
88	MIKF01001076.1	3072	23330816
89	MIKF01001077.1	3061	23592960
90	MIKF01000107.1	114251	23855104
91	MIKF01001078.1	3044	24117248
92	MIKF01001079.1	3029	24379392
93	MIKF01001080.1	3027	24641536
94	MIKF01001081.1	3026	24903680
95	MIKF01001082.1	3017	25165824
96	MIKF01001083.1	3014	25427968
97	MIKF01001084.1	3010	25690112
98	MIKF01001085.1	3005	25952256
99	MIKF01001086.1	2975	26214400
100	MIKF01001087.1	2954	26476544
101	MIKF01000108.1	114240	26738688
102	MIKF01001088.1	2942	27000832
103	MIKF01001089.1	2941	27262976
104	MIKF01001090.1	2936	27525120
105	MIKF01001091.1	2926	27787264
106	MIKF01001092.1	2921	28049408
107	MIKF01001093.1	2909	28311552
108	MIKF01001094.1	2909	28573696
109	MIKF01001095.1	2907	28835840
110	MIKF01001096.1	2904	29097984
111	MIKF01001097.1	2895	29360128
112	MIKF01000011.1	277987	29622272
113	MIKF01000109.1	113739	30146560
114	MIKF01001098.1	2885	30408704
115	MIKF01001099.1	2877	30670848
116	MIKF01001100.1	2873	30932992
117	MIKF01001101.1	2862	31195136
118	MIKF01001102.1	2858	31457280
119	MIKF01001103.1	2857	31719424
120	MIKF01001104.1	2856	31981568
121	MIKF01001105.1	2856	32243712
122	MIKF01001106.1	2856	32505856
123	MIKF01001107.1	2851	32768000
124	MIKF01000110.1	112358	33030144
125	MIKF01001108.1	2842	33292288
126	MIKF01001109.1	2829	33554432
127	MIKF01001110.1	2829	33816576
128	MIKF01001111.1	2819	34078720
129	MIKF01001112.1	2781	34340864
130	MIKF01001113.1	2815	34603008
131	MIKF01001114.1	2813	34865152
132	MIKF01001115.1	2812	35127296
133	MIKF01001116.1	2804	35389440
134	MIKF01001117.1	2801	35651584
135	MIKF01000111.1	112169	35913728
136	MIKF01001118.1	2799	36175872
137	MIKF01001119.1	2792	36438016
138	MIKF01001120.1	2765	36700160
139	MIKF01001121.1	2758	36962304
140	MIKF01001122.1	2749	37224448
141	MIKF01001123.1	2747	37486592
142	MIKF01001124.1	2745	37748736
143	MIKF01001125.1	2734	38010880
144	MIKF01001126.1	2731	38273024
145	MIKF01001127.1	2722	38535168
146	MIKF01000112.1	111968	38797312
147	MIKF01001128.1	2721	39059456
148	MIKF01001129.1	2715	39321600
149	MIKF01001130.1	2712	39583744
150	MIKF01001131.1	2703	39845888
151	MIKF01001132.1	2700	40108032
152	MIKF01001133.1	2686	40370176
153	MIKF01001134.1	2671	40632320
154	MIKF01001135.1	2655	40894464
155	MIKF01001136.1	2647	41156608
156	MIKF01001137.1	2646	41418752
157	MIKF01000113.1	110715	41680896
158	MIKF01001138.1	2642	41943040
159	MIKF01001139.1	2638	42205184
160	MIKF01001140.1	2636	42467328
161	MIKF01001141.1	2617	42729472
162	MIKF01001142.1	2616	42991616
163	MIKF01001143.1	2612	43253760
164	MIKF01001144.1	2610	43515904
165	MIKF01001145.1	2601	43778048
166	MIKF01001146.1	2596	44040192
167	MIKF01001147.1	2569	44302336
168	MIKF01000114.1	110281	44564480
169	MIKF01001148.1	2564	44826624
170	MIKF01001149.1	2560	45088768
171	MIKF01001150.1	2546	45350912
172	MIKF01001151.1	2545	45613056
173	MIKF01001152.1	2544	45875200
174	MIKF01001153.1	2543	46137344
175	MIKF01001154.1	2541	46399488
176	MIKF01001155.1	2540	46661632
177	MIKF01001156.1	2538	46923776
178	MIKF01001157.1	2532	47185920
179	MIKF01000115.1	109924	47448064
180	MIKF01001158.1	2517	47710208
181	MIKF01001159.1	2507	47972352
182	MIKF01001160.1	2506	48234496
183	MIKF01001161.1	2502	48496640
184	MIKF01001162.1	2498	48758784
185	MIKF01001163.1	2498	49020928
186	MIKF01001164.1	2497	49283072
187	MIKF01001165.1	2496	49545216
188	MIKF01001166.1	2493	49807360
189	MIKF01001167.1	2488	50069504
190	MIKF01000116.1	108538	50331648
191	MIKF01001168.1	2482	50593792
192	MIKF01001169.1	2473	50855936
193	MIKF01001170.1	2460	51118080
194	MIKF01001171.1	2447	51380224
195	MIKF01001172.1	2447	51642368
196	MIKF01001173.1	2447	51904512
197	MIKF01001174.1	2446	52166656
198	MIKF01001175.1	2445	52428800
199	MIKF01001176.1	2433	52690944
200	MIKF01001177.1	2426	52953088
201	MIKF01000117.1	107737	53215232
202	MIKF01001178.1	2418	53477376
203	MIKF01001179.1	2418	53739520
204	MIKF01001180.1	2405	54001664
205	MIKF01001181.1	2404	54263808
206	MIKF01001182.1	2403	54525952
207	MIKF01001183.1	2399	54788096
208	MIKF01001184.1	2398	55050240
209	MIKF01001185.1	2396	55312384
210	MIKF01001186.1	2389	55574528
211	MIKF01001187.1	2383	55836672
212	MIKF01000118.1	107583	56098816
213	MIKF01001188.1	2375	56360960
214	MIKF01001189.1	2357	56623104
215	MIKF01001190.1	2355	56885248
216	MIKF01001191.1	2354	57147392
217	MIKF01001192.1	2349	57409536
218	MIKF01001193.1	2342	57671680
219	MIKF01001194.1	2326	57933824
220	MIKF01001195.1	2264	58195968
221	MIKF01001196.1	2320	58458112
222	MIKF01001197.1	2312	58720256
223	MIKF01000012.1	277160	58982400
224	MIKF01000119.1	107380	59506688
225	MIKF01001198.1	2311	59768832
226	MIKF01001199.1	2309	60030976
227	MIKF01001200.1	2306	60293120
228	MIKF01001201.1	2302	60555264
229	MIKF01001202.1	2297	60817408
230	MIKF01001203.1	2296	61079552
231	MIKF01001204.1	2288	61341696
232	MIKF01001205.1	2283	61603840
233	MIKF01001206.1	2279	61865984
234	MIKF01001207.1	2257	62128128
235	MIKF01000120.1	107117	62390272
236	MIKF01001208.1	2257	62652416
237	MIKF01001209.1	2255	62914560
238	MIKF01001210.1	2244	63176704
239	MIKF01001211.1	2235	63438848
240	MIKF01001212.1	2229	63700992
241	MIKF01001213.1	2223	63963136
242	MIKF01001214.1	2218	64225280
243	MIKF01001215.1	2211	64487424
244	MIKF01001216.1	2209	64749568
245	MIKF01001217.1	2206	65011712
246	MIKF01000121.1	106378	65273856
247	MIKF01001218.1	2206	65536000
248	MIKF01001219.1	2206	65798144
249	MIKF01001220.1	2193	66060288
250	MIKF01001221.1	2189	66322432
251	MIKF01001222.1	2186	66584576
252	MIKF01001223.1	2171	66846720
253	MIKF01001224.1	2168	67108864
254	MIKF01001225.1	2164	67371008
255	MIKF01001226.1	2157	67633152
256	MIKF01001227.1	2155	67895296
257	MIKF01000122.1	106343	68157440
258	MIKF01001228.1	2147	68419584
259	MIKF01001229.1	2138	68681728
260	MIKF01001230.1	2130	68943872
261	MIKF01001231.1	2127	69206016
262	MIKF01001232.1	2123	69468160
263	MIKF01001233.1	2121	69730304
264	MIKF01001234.1	2116	69992448
265	MIKF01001235.1	2108	70254592
266	MIKF01001236.1	2106	70516736
267	MIKF01001237.1	2105	70778880
268	MIKF01000123.1	106189	71041024
269	MIKF01001238.1	2103	71303168
270	MIKF01001239.1	2099	71565312
271	MIKF01001240.1	2096	71827456
272	MIKF01001241.1	2085	72089600
273	MIKF01001242.1	2083	72351744
274	MIKF01001243.1	2079	72613888
275	MIKF01001244.1	2078	72876032
276	MIKF01001245.1	2076	73138176
277	MIKF01001246.1	2074	73400320
278	MIKF01001247.1	2070	73662464
279	MIKF01000124.1	106179	73924608
280	MIKF01001248.1	2065	74186752
281	MIKF01001249.1	2062	74448896
282	MIKF01001250.1	2061	74711040
283	MIKF01001251.1	2060	74973184
284	MIKF01001252.1	2059	75235328
285	MIKF01001253.1	2058	75497472
286	MIKF01001254.1	2055	75759616
287	MIKF01001255.1	2055	76021760
288	MIKF01001256.1	2055	76283904
289	MIKF01001257.1	2054	76546048
290	MIKF01000125.1	104514	76808192
291	MIKF01001258.1	2054	77070336
292	MIKF01001259.1	2054	77332480
293	MIKF01001260.1	2053	77594624
294	MIKF01001261.1	2052	77856768
295	MIKF01001262.1	2050	78118912
296	MIKF01001263.1	2049	78381056
297	MIKF01001264.1	2049	78643200
298	MIKF01001265.1	2048	78905344
299	MIKF01001266.1	2048	79167488
300	MIKF01001267.1	2047	79429632
301	MIKF01000126.1	102526	79691776
302	MIKF01001268.1	2046	79953920
303	MIKF01001269.1	2045	80216064
304	MIKF01001270.1	2044	80478208
305	MIKF01001271.1	2042	80740352
306	MIKF01001272.1	2041	81002496
307	MIKF01001273.1	2040	81264640
308	MIKF01001274.1	2037	81526784
309	MIKF01001275.1	2036	81788928
310	MIKF01001276.1	2033	82051072
311	MIKF01001277.1	2032	82313216
312	MIKF01000127.1	102276	82575360
313	MIKF01001278.1	2032	82837504
314	MIKF01001279.1	2025	83099648
315	MIKF01001280.1	2024	83361792
316	MIKF01001281.1	2020	83623936
317	MIKF01001282.1	2019	83886080
318	MIKF01001283.1	2012	84148224
319	MIKF01001284.1	1998	84410368
320	MIKF01001285.1	1997	84672512
321	MIKF01001286.1	1996	84934656
322	MIKF01001287.1	1993	85196800
323	MIKF01000128.1	101797	85458944
324	MIKF01001288.1	1984	85721088
325	MIKF01001289.1	1982	85983232
326	MIKF01001290.1	1970	86245376
327	MIKF01001291.1	1970	86507520
328	MIKF01001292.1	1962	86769664
329	MIKF01001293.1	1961	87031808
330	MIKF01001294.1	1954	87293952
331	MIKF01001295.1	1951	87556096
332	MIKF01001296.1	1950	87818240
333	MIKF01001297.1	1948	88080384
334	MIKF01000013.1	273926	88342528
335	MIKF01000129.1	101279	88866816
336	MIKF01001298.1	1945	89128960
337	MIKF01001299.1	1945	89391104
338	MIKF01001300.1	1943	89653248
339	MIKF01001301.1	1939	89915392
340	MIKF01001302.1	1936	90177536
341	MIKF01001303.1	1930	90439680
342	MIKF01001304.1	1929	90701824
343	MIKF01001305.1	1927	90963968
344	MIKF01001306.1	1923	91226112
345	MIKF01001307.1	1921	91488256
346	MIKF01000130.1	100494	91750400
347	MIKF01001308.1	1912	92012544
348	MIKF01001309.1	1905	92274688
349	MIKF01001310.1	1900	92536832
350	MIKF01001311.1	1896	92798976
351	MIKF01001312.1	1895	93061120
352	MIKF01001313.1	1894	93323264
353	MIKF01001314.1	1890	93585408
354	MIKF01001315.1	1888	93847552
355	MIKF01001316.1	1854	94109696
356	MIKF01001317.1	1880	94371840
357	MIKF01000131.1	99882	94633984
358	MIKF01001318.1	1879	94896128
359	MIKF01001319.1	1875	95158272
360	MIKF01001320.1	1872	95420416
361	MIKF01001321.1	1870	95682560
362	MIKF01001322.1	1867	95944704
363	MIKF01001323.1	1866	96206848
364	MIKF01001324.1	1863	96468992
365	MIKF01001325.1	1863	96731136
366	MIKF01001326.1	1860	96993280
367	MIKF01001327.1	1858	97255424
368	MIKF01000132.1	99238	97517568
369	MIKF01001328.1	1856	97779712
370	MIKF01001329.1	1854	98041856
371	MIKF01001330.1	1853	98304000
372	MIKF01001331.1	1846	98566144
373	MIKF01001332.1	1846	98828288
374	MIKF01001333.1	1841	99090432
375	MIKF01001334.1	1838	99352576
376	MIKF01001335.1	1833	99614720
377	MIKF01001336.1	1794	99876864
378	MIKF01001337.1	1830	100139008
379	MIKF01000133.1	98667	100401152
380	MIKF01001338.1	1829	100663296
381	MIKF01001339.1	1810	100925440
382	MIKF01001340.1	1828	101187584
383	MIKF01001341.1	1827	101449728
384	MIKF01001342.1	1827	101711872
385	MIKF01001343.1	1826	101974016
386	MIKF01001344.1	1821	102236160
387	MIKF01001345.1	1821	102498304
388	MIKF01001346.1	1821	102760448
389	MIKF01001347.1	1809	103022592
390	MIKF01000134.1	98354	103284736
391	MIKF01001348.1	1809	103546880
392	MIKF01001349.1	1806	103809024
393	MIKF01001350.1	1801	104071168
394	MIKF01001351.1	1799	104333312
395	MIKF01001352.1	1798	104595456
396	MIKF01001353.1	1796	104857600
397	MIKF01001354.1	1796	105119744
398	MIKF01001355.1	1796	105381888
399	MIKF01001356.1	1792	105644032
400	MIKF01001357.1	1791	105906176
401	MIKF01000135.1	98283	106168320
402	MIKF01001358.1	1791	106430464
403	MIKF01001359.1	1789	106692608
404	MIKF01001360.1	1787	106954752
405	MIKF01001361.1	1787	107216896
406	MIKF01001362.1	1784	107479040
407	MIKF01001363.1	1783	107741184
408	MIKF01001364.1	1780	108003328
409	MIKF01001365.1	1778	108265472
410	MIKF01001366.1	1773	108527616
411	MIKF01001367.1	1770	108789760
412	MIKF01000136.1	97797	109051904
413	MIKF01001368.1	1769	109314048
414	MIKF01001369.1	1769	109576192
415	MIKF01001370.1	1758	109838336
416	MIKF01001371.1	1756	110100480
417	MIKF01001372.1	1756	110362624
418	MIKF01001373.1	1755	110624768
419	MIKF01001374.1	1753	110886912
420	MIKF01001375.1	1751	111149056
421	MIKF01001376.1	1750	111411200
422	MIKF01001377.1	1750	111673344
423	MIKF01000137.1	97108	111935488
424	MIKF01001378.1	1749	112197632
425	MIKF01001379.1	1747	112459776
426	MIKF01001380.1	1746	112721920
427	MIKF01001381.1	1740	112984064
428	MIKF01001382.1	1729	113246208
429	MIKF01001383.1	1729	113508352
430	MIKF01001384.1	1728	113770496
431	MIKF01001385.1	1726	114032640
432	MIKF01001386.1	1724	114294784
433	MIKF01001387.1	1717	114556928
434	MIKF01000138.1	96337	114819072
435	MIKF01001388.1	1717	115081216
436	MIKF01001389.1	1714	115343360
437	MIKF01001390.1	1712	115605504
438	MIKF01001391.1	1706	115867648
439	MIKF01001392.1	1704	116129792
440	MIKF01001393.1	1703	116391936
441	MIKF01001394.1	1697	116654080
442	MIKF01001395.1	1693	116916224
443	MIKF01001396.1	1691	117178368
444	MIKF01001397.1	1691	117440512
445	MIKF01000014.1	273699	117702656
446	MIKF01000139.1	95189	118226944
447	MIKF01001398.1	1689	118489088
448	MIKF01001399.1	1688	118751232
449	MIKF01001400.1	1681	119013376
450	MIKF01001401.1	1676	119275520
451	MIKF01001402.1	1673	119537664
452	MIKF01001403.1	1672	119799808
453	MIKF01001404.1	1672	120061952
454	MIKF01001405.1	1666	120324096
455	MIKF01001406.1	1666	120586240
456	MIKF01001407.1	1664	120848384
457	MIKF01000140.1	94523	121110528
458	MIKF01001408.1	1660	121372672
459	MIKF01001409.1	1658	121634816
460	MIKF01001410.1	1656	121896960
461	MIKF01001411.1	1655	122159104
462	MIKF01001412.1	1653	122421248
463	MIKF01001413.1	1649	122683392
464	MIKF01001414.1	1648	122945536
465	MIKF01001415.1	1643	123207680
466	MIKF01001416.1	1635	123469824
467	MIKF01001417.1	1635	123731968
468	MIKF01000141.1	93786	123994112
469	MIKF01001418.1	1634	124256256
470	MIKF01001419.1	1633	124518400
471	MIKF01001420.1	1633	124780544
472	MIKF01001421.1	1630	125042688
473	MIKF01001422.1	1629	125304832
474	MIKF01001423.1	1623	125566976
475	MIKF01001424.1	1621	125829120
476	MIKF01001425.1	1619	126091264
477	MIKF01001426.1	1619	126353408
478	MIKF01001427.1	1618	126615552
479	MIKF01000142.1	92940	126877696
480	MIKF01001428.1	1618	127139840
481	MIKF01001429.1	1611	127401984
482	MIKF01001430.1	1608	127664128
483	MIKF01001431.1	1605	127926272
484	MIKF01001432.1	1603	128188416
485	MIKF01001433.1	1598	128450560
486	MIKF01001434.1	1596	128712704
487	MIKF01001435.1	1587	128974848
488	MIKF01001436.1	1586	129236992
489	MIKF01001437.1	1586	129499136
490	MIKF01000143.1	92628	129761280
491	MIKF01001438.1	1574	130023424
492	MIKF01001439.1	1572	130285568
493	MIKF01001440.1	1572	130547712
494	MIKF01001441.1	1572	130809856
495	MIKF01001442.1	1569	131072000
496	MIKF01001443.1	1569	131334144
497	MIKF01001444.1	1569	131596288
498	MIKF01001445.1	1567	131858432
499	MIKF01001446.1	1565	132120576
500	MIKF01001447.1	1563	132382720
501	MIKF01000144.1	92445	132644864
502	MIKF01001448.1	1551	132907008
503	MIKF01001449.1	1549	133169152
504	MIKF01001450.1	1545	133431296
505	MIKF01001451.1	1542	133693440
506	MIKF01001452.1	1541	133955584
507	MIKF01001453.1	1540	134217728
508	MIKF01001454.1	1538	134479872
509	MIKF01001455.1	1537	134742016
510	MIKF01001456.1	1536	135004160
511	MIKF01001457.1	1535	135266304
512	MIKF01000145.1	58000	135528448
513	MIKF01001458.1	1532	135790592
514	MIKF01001459.1	1531	136052736
515	MIKF01001460.1	1531	136314880
516	MIKF01001461.1	1528	136577024
517	MIKF01001462.1	1525	136839168
518	MIKF01001463.1	1523	137101312
519	MIKF01001464.1	1523	137363456
520	MIKF01001465.1	1516	137625600
521	MIKF01001466.1	1513	137887744
522	MIKF01001467.1	1513	138149888
523	MIKF01000146.1	91949	138412032
524	MIKF01001468.1	1510	138674176
525	MIKF01001469.1	1501	138936320
526	MIKF01001470.1	1495	139198464
527	MIKF01001471.1	1492	139460608
528	MIKF01001472.1	1488	139722752
529	MIKF01001473.1	1487	139984896
530	MIKF01001474.1	1485	140247040
531	MIKF01001475.1	1481	140509184
532	MIKF01001476.1	1480	140771328
533	MIKF01001477.1	1473	141033472
534	MIKF01000147.1	91862	141295616
535	MIKF01001478.1	1472	141557760
536	MIKF01001479.1	1471	141819904
537	MIKF01001480.1	1461	142082048
538	MIKF01001481.1	1461	142344192
539	MIKF01001482.1	1460	142606336
540	MIKF01001483.1	1457	142868480
541	MIKF01001484.1	1457	143130624
542	MIKF01001485.1	1455	143392768
543	MIKF01001486.1	1454	143654912
544	MIKF01001487.1	1454	143917056
545	MIKF01000148.1	91675	144179200
546	MIKF01001488.1	1451	144441344
547	MIKF01001489.1	1449	144703488
548	MIKF01001490.1	1449	144965632
549	MIKF01001491.1	1448	145227776
550	MIKF01001492.1	1448	145489920
551	MIKF01001493.1	1445	145752064
552	MIKF01001494.1	1443	146014208
553	MIKF01001495.1	1438	146276352
554	MIKF01001496.1	1437	146538496
555	MIKF01001497.1	1435	146800640
556	MIKF01000015.1	271918	147062784
557	MIKF01000149.1	91610	147587072
558	MIKF01001498.1	1429	147849216
559	MIKF01001499.1	1429	148111360
560	MIKF01001500.1	1428	148373504
561	MIKF01001501.1	1428	148635648
562	MIKF01001502.1	1426	148897792
563	MIKF01001503.1	1426	149159936
564	MIKF01001504.1	1423	149422080
565	MIKF01001505.1	1422	149684224
566	MIKF01001506.1	1421	149946368
567	MIKF01001507.1	1414	150208512
568	MIKF01000150.1	91426	150470656
569	MIKF01001508.1	1399	150732800
570	MIKF01001509.1	1397	150994944
571	MIKF01001510.1	1396	151257088
572	MIKF01001511.1	1393	151519232
573	MIKF01001512.1	1389	151781376
574	MIKF01001513.1	1386	152043520
575	MIKF01001514.1	1381	152305664
576	MIKF01001515.1	1381	152567808
577	MIKF01001516.1	1374	152829952
578	MIKF01001517.1	1369	153092096
579	MIKF01000151.1	91258	153354240
580	MIKF01001518.1	1368	153616384
581	MIKF01001519.1	1368	153878528
582	MIKF01001520.1	1364	154140672
583	MIKF01001521.1	1364	154402816
584	MIKF01001522.1	1362	154664960
585	MIKF01001523.1	1361	154927104
586	MIKF01001524.1	1361	155189248
587	MIKF01001525.1	1359	155451392
588	MIKF01001526.1	1356	155713536
589	MIKF01001527.1	1354	155975680
590	MIKF01000152.1	91126	156237824
591	MIKF01001528.1	1354	156499968
592	MIKF01001529.1	1350	156762112
593	MIKF01001530.1	1349	157024256
594	MIKF01001531.1	1348	157286400
595	MIKF01001532.1	1346	157548544
596	MIKF01001533.1	1344	157810688
597	MIKF01001534.1	1341	158072832
598	MIKF01001535.1	1339	158334976
599	MIKF01001536.1	1338	158597120
600	MIKF01001537.1	1338	158859264
601	MIKF01000153.1	90547	159121408
602	MIKF01001538.1	1334	159383552
603	MIKF01001539.1	1332	159645696
604	MIKF01001540.1	1331	159907840
605	MIKF01001541.1	1325	160169984
606	MIKF01001542.1	1325	160432128
607	MIKF01001543.1	1325	160694272
608	MIKF01001544.1	1322	160956416
609	MIKF01001545.1	1314	161218560
610	MIKF01001546.1	1311	161480704
611	MIKF01001547.1	1308	161742848
612	MIKF01000154.1	89702	162004992
613	MIKF01001548.1	1302	162267136
614	MIKF01001549.1	1301	162529280
615	MIKF01001550.1	1301	162791424
616	MIKF01001551.1	1298	163053568
617	MIKF01001552.1	1291	163315712
618	MIKF01001553.1	1290	163577856
619	MIKF01001554.1	1286	163840000
620	MIKF01001555.1	1284	164102144
621	MIKF01001556.1	1283	164364288
622	MIKF01001557.1	1281	164626432
623	MIKF01000155.1	89368	164888576
624	MIKF01001558.1	1280	165150720
625	MIKF01001559.1	1279	165412864
626	MIKF01001560.1	1278	165675008
627	MIKF01001561.1	1277	165937152
628	MIKF01001562.1	1274	166199296
629	MIKF01001563.1	1272	166461440
630	MIKF01001564.1	1271	166723584
631	MIKF01001565.1	1271	166985728
632	MIKF01001566.1	1271	167247872
633	MIKF01001567.1	1270	167510016
634	MIKF01000156.1	88810	167772160
635	MIKF01001568.1	1269	168034304
636	MIKF01001569.1	1268	168296448
637	MIKF01001570.1	1266	168558592
638	MIKF01001571.1	1263	168820736
639	MIKF01001572.1	1259	169082880
640	MIKF01001573.1	1255	169345024
641	MIKF01001574.1	1252	169607168
642	MIKF01001575.1	1251	169869312
643	MIKF01001576.1	1250	170131456
644	MIKF01001577.1	1249	170393600
645	MIKF01000157.1	88492	170655744
646	MIKF01001578.1	1248	170917888
647	MIKF01001579.1	1248	171180032
648	MIKF01001580.1	1247	171442176
649	MIKF01001581.1	1245	171704320
650	MIKF01001582.1	1242	171966464
651	MIKF01001583.1	1242	172228608
652	MIKF01001584.1	1241	172490752
653	MIKF01001585.1	1241	172752896
654	MIKF01001586.1	1241	173015040
655	MIKF01001587.1	1240	173277184
656	MIKF01000158.1	88449	173539328
657	MIKF01001588.1	1239	173801472
658	MIKF01001589.1	1238	174063616
659	MIKF01001590.1	1237	174325760
660	MIKF01001591.1	1236	174587904
661	MIKF01001592.1	1234	174850048
662	MIKF01001593.1	1233	175112192
663	MIKF01001594.1	1233	175374336
664	MIKF01001595.1	1232	175636480
665	MIKF01001596.1	1229	175898624
666	MIKF01001597.1	1227	176160768
667	MIKF01000016.1	270237	176422912
668	MIKF01000159.1	88018	176947200
669	MIKF01001598.1	1226	177209344
670	MIKF01001599.1	1224	177471488
671	MIKF01001600.1	1224	177733632
672	MIKF01001601.1	1222	177995776
673	MIKF01001602.1	1221	178257920
674	MIKF01001603.1	1219	178520064
675	MIKF01001604.1	1218	178782208
676	MIKF01001605.1	1217	179044352
677	MIKF01001606.1	1214	179306496
678	MIKF01001607.1	1212	179568640
679	MIKF01000160.1	87861	179830784
680	MIKF01001608.1	1207	180092928
681	MIKF01001609.1	1207	180355072
682	MIKF01001610.1	1203	180617216
683	MIKF01001611.1	1202	180879360
684	MIKF01001612.1	1199	181141504
685	MIKF01001613.1	1196	181403648
686	MIKF01001614.1	1196	181665792
687	MIKF01001615.1	1193	181927936
688	MIKF01001616.1	1191	182190080
689	MIKF01001617.1	1189	182452224
690	MIKF01000161.1	87379	182714368
691	MIKF01001618.1	1188	182976512
692	MIKF01001619.1	1184	183238656
693	MIKF01001620.1	1181	183500800
694	MIKF01001621.1	1180	183762944
695	MIKF01001622.1	1177	184025088
696	MIKF01001623.1	1175	184287232
697	MIKF01001624.1	1175	184549376
698	MIKF01001625.1	1175	184811520
699	MIKF01001626.1	1168	185073664
700	MIKF01001627.1	1168	185335808
701	MIKF01000162.1	87170	185597952
702	MIKF01001628.1	1165	185860096
703	MIKF01001629.1	1163	186122240
704	MIKF01001630.1	1163	186384384
705	MIKF01001631.1	1162	186646528
706	MIKF01001632.1	1162	186908672
707	MIKF01001633.1	1161	187170816
708	MIKF01001634.1	1159	187432960
709	MIKF01001635.1	1159	187695104
710	MIKF01001636.1	1157	187957248
711	MIKF01001637.1	1157	188219392
712	MIKF01000163.1	86812	188481536
713	MIKF01001638.1	1154	188743680
714	MIKF01001639.1	1153	189005824
715	MIKF01001640.1	1152	189267968
716	MIKF01001641.1	1150	189530112
717	MIKF01001642.1	1150	189792256
718	MIKF01001643.1	1149	190054400
719	MIKF01001644.1	1147	190316544
720	MIKF01001645.1	1147	190578688
721	MIKF01001646.1	1144	190840832
722	MIKF01001647.1	1144	191102976
723	MIKF01000164.1	86777	191365120
724	MIKF01001648.1	1141	191627264
725	MIKF01001649.1	1141	191889408
726	MIKF01001650.1	1140	192151552
727	MIKF01001651.1	1131	192413696
728	MIKF01001652.1	1131	192675840
729	MIKF01001653.1	1131	192937984
730	MIKF01001654.1	1130	193200128
731	MIKF01001655.1	1129	193462272
732	MIKF01001656.1	1129	193724416
733	MIKF01001657.1	1127	193986560
734	MIKF01000165.1	86499	194248704
735	MIKF01001658.1	1126	194510848
736	MIKF01001659.1	1125	194772992
737	MIKF01001660.1	1122	195035136
738	MIKF01001661.1	1121	195297280
739	MIKF01001662.1	1121	195559424
740	MIKF01001663.1	1117	195821568
741	MIKF01001664.1	1116	196083712
742	MIKF01001665.1	1114	196345856
743	MIKF01001666.1	1114	196608000
744	MIKF01001667.1	1114	196870144
745	MIKF01000166.1	86360	197132288
746	MIKF01001668.1	1111	197394432
747	MIKF01001669.1	1108	197656576
748	MIKF01001670.1	1107	197918720
749	MIKF01001671.1	1107	198180864
750	MIKF01001672.1	1104	198443008
751	MIKF01001673.1	1103	198705152
752	MIKF01001674.1	1102	198967296
753	MIKF01001675.1	1102	199229440
754	MIKF01001676.1	1101	199491584
755	MIKF01001677.1	1099	199753728
756	MIKF01000167.1	86303	200015872
757	MIKF01001678.1	1099	200278016
758	MIKF01001679.1	1095	200540160
759	MIKF01001680.1	1095	200802304
760	MIKF01001681.1	1094	201064448
761	MIKF01001682.1	1093	201326592
762	MIKF01001683.1	1093	201588736
763	MIKF01001684.1	1093	201850880
764	MIKF01001685.1	1091	202113024
765	MIKF01001686.1	1091	202375168
766	MIKF01001687.1	1089	202637312
767	MIKF01000168.1	86216	202899456
768	MIKF01001688.1	1087	203161600
769	MIKF01001689.1	1084	203423744
770	MIKF01001690.1	1084	203685888
771	MIKF01001691.1	1083	203948032
772	MIKF01001692.1	1082	204210176
773	MIKF01001693.1	1082	204472320
774	MIKF01001694.1	1081	204734464
775	MIKF01001695.1	1078	204996608
776	MIKF01001696.1	1077	205258752
777	MIKF01001697.1	1076	205520896
778	MIKF01000017.1	261626	205783040
779	MIKF01000169.1	86203	206045184
780	MIKF01001698.1	1075	206307328
781	MIKF01001699.1	1075	206569472
782	MIKF01001700.1	1074	206831616
783	MIKF01001701.1	1074	207093760
784	MIKF01001702.1	1073	207355904
785	MIKF01001703.1	1068	207618048
786	MIKF01001704.1	1067	207880192
787	MIKF01001705.1	1066	208142336
788	MIKF01001706.1	1065	208404480
789	MIKF01001707.1	1058	208666624
790	MIKF01000170.1	85570	208928768
791	MIKF01001708.1	1057	209190912
792	MIKF01001709.1	1056	209453056
793	MIKF01001710.1	1056	209715200
794	MIKF01001711.1	1055	209977344
795	MIKF01001712.1	1055	210239488
796	MIKF01001713.1	1054	210501632
797	MIKF01001714.1	1054	210763776
798	MIKF01001715.1	1053	211025920
799	MIKF01001716.1	1052	211288064
800	MIKF01001717.1	1051	211550208
801	MIKF01000171.1	85453	211812352
802	MIKF01001718.1	1051	212074496
803	MIKF01001719.1	1050	212336640
804	MIKF01001720.1	1050	212598784
805	MIKF01001721.1	1032	212860928
806	MIKF01001722.1	1048	213123072
807	MIKF01001723.1	1047	213385216
808	MIKF01001724.1	1047	213647360
809	MIKF01001725.1	1045	213909504
810	MIKF01001726.1	1045	214171648
811	MIKF01001727.1	1044	214433792
812	MIKF01000172.1	85418	214695936
813	MIKF01001728.1	1042	214958080
814	MIKF01001729.1	1041	215220224
815	MIKF01001730.1	1040	215482368
816	MIKF01001731.1	1040	215744512
817	MIKF01001732.1	1038	216006656
818	MIKF01001733.1	1037	216268800
819	MIKF01001734.1	1036	216530944
820	MIKF01001735.1	1034	216793088
821	MIKF01001736.1	1034	217055232
822	MIKF01001737.1	1030	217317376
823	MIKF01000173.1	85376	217579520
824	MIKF01001738.1	1028	217841664
825	MIKF01001739.1	1028	218103808
826	MIKF01001740.1	1027	218365952
827	MIKF01001741.1	1023	218628096
828	MIKF01001742.1	1023	218890240
829	MIKF01001743.1	1022	219152384
830	MIKF01001744.1	1022	219414528
831	MIKF01001745.1	1021	219676672
832	MIKF01001746.1	1021	219938816
833	MIKF01001747.1	1021	220200960
834	MIKF01000174.1	85178	220463104
835	MIKF01001748.1	1020	220725248
836	MIKF01001749.1	1020	220987392
837	MIKF01001750.1	1019	221249536
838	MIKF01001751.1	1019	221511680
839	MIKF01001752.1	1018	221773824
840	MIKF01001753.1	1015	222035968
841	MIKF01001754.1	1014	222298112
842	MIKF01001755.1	1013	222560256
843	MIKF01001756.1	1012	222822400
844	MIKF01001757.1	1011	223084544
845	MIKF01000175.1	84817	223346688
846	MIKF01001758.1	1011	223608832
847	MIKF01001759.1	1010	223870976
848	MIKF01001760.1	1010	224133120
849	MIKF01001761.1	1009	224395264
850	MIKF01001762.1	1007	224657408
851	MIKF01001763.1	1007	224919552
852	MIKF01001764.1	1006	225181696
853	MIKF01001765.1	1004	225443840
854	MIKF01001766.1	1002	225705984
855	MIKF01001767.1	1001	225968128
856	MIKF01000176.1	84804	226230272
857	MIKF01001768.1	1001	226492416
858	MIKF01001769.1	1000	226754560
859	MIKF01001770.1	1000	227016704
860	MIKF01001771.1	1000	227278848
861	MIKF01001772.1	1000	227540992
862	MIKF01001773.1	889	227803136
863	MIKF01000177.1	84706	228065280
864	MIKF01000178.1	84704	228327424
865	MIKF01000018.1	261482	228589568
866	MIKF01000179.1	84336	228851712
867	MIKF01000180.1	83441	229113856
868	MIKF01000181.1	83303	229376000
869	MIKF01000182.1	82966	229638144
870	MIKF01000183.1	82871	229900288
871	MIKF01000184.1	82659	230162432
872	MIKF01000185.1	82013	230424576
873	MIKF01000186.1	81729	230686720
874	MIKF01000187.1	81600	230948864
875	MIKF01000188.1	81578	231211008
876	MIKF01000019.1	251475	231473152
877	MIKF01000189.1	81347	231735296
878	MIKF01000190.1	81122	231997440
879	MIKF01000191.1	80711	232259584
880	MIKF01000192.1	80284	232521728
881	MIKF01000193.1	80038	232783872
882	MIKF01000194.1	79933	233046016
883	MIKF01000195.1	79453	233308160
884	MIKF01000196.1	79220	233570304
885	MIKF01000197.1	78824	233832448
886	MIKF01000198.1	78739	234094592
887	MIKF01000002.1	416114	234356736
888	MIKF01000020.1	249400	234881024
889	MIKF01000199.1	78697	235143168
890	MIKF01000200.1	78690	235405312
891	MIKF01000201.1	78342	235667456
892	MIKF01000202.1	77854	235929600
893	MIKF01000203.1	77613	236191744
894	MIKF01000204.1	77314	236453888
895	MIKF01000205.1	77105	236716032
896	MIKF01000206.1	76662	236978176
897	MIKF01000207.1	76398	237240320
898	MIKF01000208.1	76335	237502464
899	MIKF01000021.1	249278	237764608
900	MIKF01000209.1	76022	238026752
901	MIKF01000210.1	75922	238288896
902	MIKF01000211.1	75871	238551040
903	MIKF01000212.1	75838	238813184
904	MIKF01000213.1	75835	239075328
905	MIKF01000214.1	75759	239337472
906	MIKF01000215.1	75560	239599616
907	MIKF01000216.1	75388	239861760
908	MIKF01000217.1	75383	240123904
909	MIKF01000218.1	75280	240386048
910	MIKF01000022.1	234353	240648192
911	MIKF01000219.1	75273	240910336
912	MIKF01000220.1	74446	241172480
913	MIKF01000221.1	73910	241434624
914	MIKF01000222.1	73895	241696768
915	MIKF01000223.1	73646	241958912
916	MIKF01000224.1	73638	242221056
917	MIKF01000225.1	73061	242483200
918	MIKF01000226.1	72618	242745344
919	MIKF01000227.1	72602	243007488
920	MIKF01000228.1	72304	243269632
921	MIKF01000023.1	231008	243531776
922	MIKF01000229.1	72165	243793920
923	MIKF01000230.1	72149	244056064
924	MIKF01000231.1	72065	244318208
925	MIKF01000232.1	71997	244580352
926	MIKF01000233.1	71897	244842496
927	MIKF01000234.1	71523	245104640
928	MIKF01000235.1	71504	245366784
929	MIKF01000236.1	71483	245628928
930	MIKF01000237.1	71170	245891072
931	MIKF01000238.1	70845	246153216
932	MIKF01000024.1	227860	246415360
933	MIKF01000239.1	70688	246677504
934	MIKF01000240.1	70560	246939648
935	MIKF01000241.1	70436	247201792
936	MIKF01000242.1	69879	247463936
937	MIKF01000243.1	69819	247726080
938	MIKF01000244.1	69697	247988224
939	MIKF01000245.1	68898	248250368
940	MIKF01000246.1	68711	248512512
941	MIKF01000247.1	68517	248774656
942	MIKF01000248.1	68392	249036800
943	MIKF01000025.1	224665	249298944
944	MIKF01000249.1	68307	249561088
945	MIKF01000250.1	68158	249823232
946	MIKF01000251.1	68123	250085376
947	MIKF01000252.1	68044	250347520
948	MIKF01000253.1	67744	250609664
949	MIKF01000254.1	67474	250871808
950	MIKF01000255.1	67340	251133952
951	MIKF01000256.1	66560	251396096
952	MIKF01000257.1	66478	251658240
953	MIKF01000258.1	66013	251920384
954	MIKF01000026.1	221697	252182528
955	MIKF01000259.1	65012	252444672
956	MIKF01000260.1	64827	252706816
957	MIKF01000261.1	64191	252968960
958	MIKF01000262.1	63896	253231104
959	MIKF01000263.1	63448	253493248
960	MIKF01000264.1	63159	253755392
961	MIKF01000265.1	62965	254017536
962	MIKF01000266.1	62669	254279680
963	MIKF01000267.1	62364	254541824
964	MIKF01000268.1	62352	254803968
965	MIKF01000027.1	219636	255066112
966	MIKF01000269.1	62284	255328256
967	MIKF01000270.1	61920	255590400
968	MIKF01000271.1	61866	255852544
969	MIKF01000272.1	61388	256114688
970	MIKF01000273.1	61027	256376832
971	MIKF01000274.1	60698	256638976
972	MIKF01000275.1	60441	256901120
973	MIKF01000276.1	60201	257163264
974	MIKF01000277.1	60164	257425408
975	MIKF01000278.1	59262	257687552
976	MIKF01000028.1	214640	257949696
977	MIKF01000279.1	59866	258211840
978	MIKF01000280.1	59859	258473984
979	MIKF01000281.1	59742	258736128
980	MIKF01000282.1	59737	258998272
981	MIKF01000283.1	59730	259260416
982	MIKF01000284.1	59665	259522560
983	MIKF01000285.1	59281	259784704
984	MIKF01000286.1	59234	260046848
985	MIKF01000287.1	59125	260308992
986	MIKF01000288.1	58971	260571136
987	MIKF01000029.1	212411	260833280
988	MIKF01000289.1	58803	261095424
989	MIKF01000290.1	58780	261357568
990	MIKF01000291.1	58711	261619712
991	MIKF01000292.1	58659	261881856
992	MIKF01000293.1	58656	262144000
993	MIKF01000294.1	58364	262406144
994	MIKF01000295.1	58098	262668288
995	MIKF01000296.1	57815	262930432
996	MIKF01000297.1	56884	263192576
997	MIKF01000298.1	56770	263454720
998	MIKF01000003.1	387391	263716864
999	MIKF01000030.1	210234	264241152
1000	MIKF01000299.1	56573	264503296
1001	MIKF01000300.1	56415	264765440
1002	MIKF01000301.1	56392	265027584
1003	MIKF01000302.1	55223	265289728
1004	MIKF01000303.1	55047	265551872
1005	MIKF01000304.1	54992	265814016
1006	MIKF01000305.1	54372	266076160
1007	MIKF01000307.1	54166	266338304
1008	MIKF01000308.1	54047	266600448
1009	MIKF01000031.1	207324	266862592
1010	MIKF01000309.1	54038	267124736
1011	MIKF01000310.1	53818	267386880
1012	MIKF01000311.1	53662	267649024
1013	MIKF01000312.1	53594	267911168
1014	MIKF01000313.1	53409	268173312
1015	MIKF01000314.1	53091	268435456
1016	MIKF01000315.1	52972	268697600
1017	MIKF01000316.1	52510	268959744
1018	MIKF01000317.1	52478	269221888
1019	MIKF01000318.1	52419	269484032
1020	MIKF01000032.1	205982	269746176
1021	MIKF01000319.1	52248	270008320
1022	MIKF01000320.1	52224	270270464
1023	MIKF01000321.1	52051	270532608
1024	MIKF01000322.1	51880	270794752
1025	MIKF01000323.1	51630	271056896
1026	MIKF01000324.1	51420	271319040
1027	MIKF01000325.1	51371	271581184
1028	MIKF01000326.1	51205	271843328
1029	MIKF01000327.1	50864	272105472
1030	MIKF01000328.1	50852	272367616
1031	MIKF01000033.1	198188	272629760
1032	MIKF01000329.1	50463	272891904
1033	MIKF01000330.1	50383	273154048
1034	MIKF01000331.1	50200	273416192
1035	MIKF01000332.1	49865	273678336
1036	MIKF01000333.1	49861	273940480
1037	MIKF01000334.1	49391	274202624
1038	MIKF01000335.1	49150	274464768
1039	MIKF01000336.1	49080	274726912
1040	MIKF01000337.1	49029	274989056
1041	MIKF01000338.1	48716	275251200
1042	MIKF01000034.1	190632	275513344
1043	MIKF01000339.1	48426	275775488
1044	MIKF01000340.1	48405	276037632
1045	MIKF01000341.1	48197	276299776
1046	MIKF01000342.1	48066	276561920
1047	MIKF01000343.1	48022	276824064
1048	MIKF01000344.1	47902	277086208
1049	MIKF01000345.1	47677	277348352
1050	MIKF01000346.1	47524	277610496
1051	MIKF01000347.1	47157	277872640
1052	MIKF01000348.1	46802	278134784
1053	MIKF01000035.1	187019	278396928
1054	MIKF01000349.1	46664	278659072
1055	MIKF01000350.1	46656	278921216
1056	MIKF01000351.1	46587	279183360
1057	MIKF01000352.1	46434	279445504
1058	MIKF01000353.1	46422	279707648
1059	MIKF01000354.1	46235	279969792
1060	MIKF01000355.1	45774	280231936
1061	MIKF01000356.1	45478	280494080
1062	MIKF01000357.1	45429	280756224
1063	MIKF01000358.1	45272	281018368
1064	MIKF01000036.1	185490	281280512
1065	MIKF01000359.1	45101	281542656
1066	MIKF01000360.1	44915	281804800
1067	MIKF01000361.1	44913	282066944
1068	MIKF01000362.1	44881	282329088
1069	MIKF01000363.1	44670	282591232
1070	MIKF01000364.1	44464	282853376
1071	MIKF01000365.1	44461	283115520
1072	MIKF01000366.1	44184	283377664
1073	MIKF01000367.1	44099	283639808
1074	MIKF01000368.1	44085	283901952
1075	MIKF01000037.1	184031	284164096
1076	MIKF01000369.1	43971	284426240
1077	MIKF01000370.1	43637	284688384
1078	MIKF01000371.1	43608	284950528
1079	MIKF01000372.1	43482	285212672
1080	MIKF01000373.1	43439	285474816
1081	MIKF01000374.1	43304	285736960
1082	MIKF01000375.1	43036	285999104
1083	MIKF01000376.1	43028	286261248
1084	MIKF01000377.1	42865	286523392
1085	MIKF01000378.1	42861	286785536
1086	MIKF01000038.1	176766	287047680
1087	MIKF01000379.1	42820	287309824
1088	MIKF01000380.1	42728	287571968
1089	MIKF01000381.1	42300	287834112
1090	MIKF01000382.1	42261	288096256
1091	MIKF01000383.1	42101	288358400
1092	MIKF01000384.1	42071	288620544
1093	MIKF01000385.1	42025	288882688
1094	MIKF01000386.1	41972	289144832
1095	MIKF01000387.1	41525	289406976
1096	MIKF01000388.1	41462	289669120
1097	MIKF01000039.1	176726	289931264
1098	MIKF01000389.1	41410	290193408
1099	MIKF01000390.1	41298	290455552
1100	MIKF01000391.1	41134	290717696
1101	MIKF01000392.1	41067	290979840
1102	MIKF01000393.1	41007	291241984
1103	MIKF01000394.1	40993	291504128
1104	MIKF01000395.1	40976	291766272
1105	MIKF01000396.1	40897	292028416
1106	MIKF01000397.1	40588	292290560
1107	MIKF01000398.1	40540	292552704
1108	MIKF01000004.1	381904	292814848
1109	MIKF01000040.1	176365	293339136
1110	MIKF01000399.1	40010	293601280
1111	MIKF01000400.1	39836	293863424
1112	MIKF01000401.1	39652	294125568
1113	MIKF01000402.1	39612	294387712
1114	MIKF01000403.1	39356	294649856
1115	MIKF01000404.1	39284	294912000
1116	MIKF01000405.1	39198	295174144
1117	MIKF01000406.1	39190	295436288
1118	MIKF01000407.1	38717	295698432
1119	MIKF01000408.1	38703	295960576
1120	MIKF01000041.1	175680	296222720
1121	MIKF01000409.1	38480	296484864
1122	MIKF01000410.1	38151	296747008
1123	MIKF01000411.1	38138	297009152
1124	MIKF01000412.1	38088	297271296
1125	MIKF01000413.1	37878	297533440
1126	MIKF01000414.1	37812	297795584
1127	MIKF01000415.1	37784	298057728
1128	MIKF01000416.1	37773	298319872
1129	MIKF01000417.1	37110	298582016
1130	MIKF01000418.1	37109	298844160
1131	MIKF01000042.1	174738	299106304
1132	MIKF01000419.1	37069	299368448
1133	MIKF01000420.1	36978	299630592
1134	MIKF01000421.1	36594	299892736
1135	MIKF01000422.1	36295	300154880
1136	MIKF01000423.1	36248	300417024
1137	MIKF01000424.1	36081	300679168
1138	MIKF01000425.1	36049	300941312
1139	MIKF01000426.1	35680	301203456
1140	MIKF01000427.1	35602	301465600
1141	MIKF01000428.1	35544	301727744
1142	MIKF01000043.1	174686	301989888
1143	MIKF01000429.1	35372	302252032
1144	MIKF01000430.1	35329	302514176
1145	MIKF01000431.1	35271	302776320
1146	MIKF01000432.1	35030	303038464
1147	MIKF01000433.1	34821	303300608
1148	MIKF01000434.1	34624	303562752
1149	MIKF01000435.1	34269	303824896
1150	MIKF01000436.1	34045	304087040
1151	MIKF01000437.1	33980	304349184
1152	MIKF01000438.1	33978	304611328
1153	MIKF01000044.1	173827	304873472
1154	MIKF01000439.1	33978	305135616
1155	MIKF01000440.1	33885	305397760
1156	MIKF01000441.1	33880	305659904
1157	MIKF01000442.1	33864	305922048
1158	MIKF01000443.1	33790	306184192
1159	MIKF01000444.1	33650	306446336
1160	MIKF01000445.1	33606	306708480
1161	MIKF01000446.1	33471	306970624
1162	MIKF01000447.1	33436	307232768
1163	MIKF01000448.1	33254	307494912
1164	MIKF01000045.1	173379	307757056
1165	MIKF01000449.1	33237	308019200
1166	MIKF01000450.1	33179	308281344
1167	MIKF01000451.1	33173	308543488
1168	MIKF01000452.1	33151	308805632
1169	MIKF01000453.1	32981	309067776
1170	MIKF01000454.1	32797	309329920
1171	MIKF01000455.1	32740	309592064
1172	MIKF01000456.1	32711	309854208
1173	MIKF01000457.1	32543	310116352
1174	MIKF01000458.1	32295	310378496
1175	MIKF01000046.1	172871	310640640
1176	MIKF01000459.1	32023	310902784
1177	MIKF01000460.1	32004	311164928
1178	MIKF01000461.1	31693	311427072
1179	MIKF01000462.1	31619	311689216
1180	MIKF01000463.1	31521	311951360
1181	MIKF01000464.1	31376	312213504
1182	MIKF01000465.1	31349	312475648
1183	MIKF01000466.1	31213	312737792
1184	MIKF01000467.1	30730	312999936
1185	MIKF01000468.1	30579	313262080
1186	MIKF01000047.1	172118	313524224
1187	MIKF01000469.1	30544	313786368
1188	MIKF01000470.1	30390	314048512
1189	MIKF01000471.1	29731	314310656
1190	MIKF01000472.1	29669	314572800
1191	MIKF01000473.1	29490	314834944
1192	MIKF01000474.1	29385	315097088
1193	MIKF01000475.1	29350	315359232
1194	MIKF01000476.1	29333	315621376
1195	MIKF01000477.1	29315	315883520
1196	MIKF01000478.1	29308	316145664
1197	MIKF01000048.1	168579	316407808
1198	MIKF01000479.1	29226	316669952
1199	MIKF01000480.1	29180	316932096
1200	MIKF01000481.1	29175	317194240
1201	MIKF01000482.1	29110	317456384
1202	MIKF01000483.1	29092	317718528
1203	MIKF01000484.1	28786	317980672
1204	MIKF01000485.1	28545	318242816
1205	MIKF01000486.1	28525	318504960
1206	MIKF01000487.1	28291	318767104
1207	MIKF01000488.1	28267	319029248
1208	MIKF01000049.1	167933	319291392
1209	MIKF01000489.1	28076	319553536
1210	MIKF01000490.1	28019	319815680
1211	MIKF01000491.1	27968	320077824
1212	MIKF01000492.1	27913	320339968
1213	MIKF01000493.1	27890	320602112
1214	MIKF01000494.1	27843	320864256
1215	MIKF01000495.1	27725	321126400
1216	MIKF01000496.1	27562	321388544
1217	MIKF01000497.1	27493	321650688
1218	MIKF01000498.1	27399	321912832
1219	MIKF01000005.1	371564	322174976
1220	MIKF01000050.1	167140	322699264
1221	MIKF01000499.1	27355	322961408
1222	MIKF01000500.1	27282	323223552
1223	MIKF01000501.1	27030	323485696
1224	MIKF01000502.1	26949	323747840
1225	MIKF01000503.1	26864	324009984
1226	MIKF01000504.1	26780	324272128
1227	MIKF01000505.1	26699	324534272
1228	MIKF01000506.1	26548	324796416
1229	MIKF01000507.1	26458	325058560
1230	MIKF01000508.1	26255	325320704
1231	MIKF01000051.1	165940	325582848
1232	MIKF01000509.1	26244	325844992
1233	MIKF01000510.1	26244	326107136
1234	MIKF01000511.1	26161	326369280
1235	MIKF01000512.1	25945	326631424
1236	MIKF01000513.1	25619	326893568
1237	MIKF01000514.1	25637	327155712
1238	MIKF01000515.1	25507	327417856
1239	MIKF01000516.1	25453	327680000
1240	MIKF01000517.1	25326	327942144
1241	MIKF01000518.1	25318	328204288
1242	MIKF01000052.1	165755	328466432
1243	MIKF01000519.1	25294	328728576
1244	MIKF01000520.1	25053	328990720
1245	MIKF01000522.1	24712	329252864
1246	MIKF01000523.1	24625	329515008
1247	MIKF01000524.1	24584	329777152
1248	MIKF01000525.1	24500	330039296
1249	MIKF01000526.1	24493	330301440
1250	MIKF01000527.1	24464	330563584
1251	MIKF01000528.1	24238	330825728
1252	MIKF01000053.1	161412	331087872
1253	MIKF01000529.1	24213	331350016
1254	MIKF01000530.1	24069	331612160
1255	MIKF01000531.1	24013	331874304
1256	MIKF01000532.1	23994	332136448
1257	MIKF01000533.1	23898	332398592
1258	MIKF01000534.1	23893	332660736
1259	MIKF01000535.1	23803	332922880
1260	MIKF01000536.1	23780	333185024
1261	MIKF01000537.1	23635	333447168
1262	MIKF01000538.1	23572	333709312
1263	MIKF01000054.1	160786	333971456
1264	MIKF01000539.1	23342	334233600
1265	MIKF01000540.1	23072	334495744
1266	MIKF01000541.1	22938	334757888
1267	MIKF01000542.1	22929	335020032
1268	MIKF01000543.1	22909	335282176
1269	MIKF01000544.1	22900	335544320
1270	MIKF01000545.1	22758	335806464
1271	MIKF01000546.1	22652	336068608
1272	MIKF01000547.1	22648	336330752
1273	MIKF01000548.1	22553	336592896
1274	MIKF01000055.1	160570	336855040
1275	MIKF01000549.1	22485	337117184
1276	MIKF01000550.1	22395	337379328
1277	MIKF01000551.1	22271	337641472
1278	MIKF01000552.1	22185	337903616
1279	MIKF01000553.1	22155	338165760
1280	MIKF01000554.1	22142	338427904
1281	MIKF01000555.1	22056	338690048
1282	MIKF01000556.1	21931	338952192
1283	MIKF01000557.1	21761	339214336
1284	MIKF01000558.1	21713	339476480
1285	MIKF01000056.1	159283	339738624
1286	MIKF01000559.1	21640	340000768
1287	MIKF01000560.1	21585	340262912
1288	MIKF01000561.1	21571	340525056
1289	MIKF01000562.1	21428	340787200
1290	MIKF01000563.1	21301	341049344
1291	MIKF01000564.1	21253	341311488
1292	MIKF01000565.1	21234	341573632
1293	MIKF01000566.1	20957	341835776
1294	MIKF01000567.1	20922	342097920
1295	MIKF01000568.1	20852	342360064
1296	MIKF01000057.1	159076	342622208
1297	MIKF01000569.1	20767	342884352
1298	MIKF01000570.1	20788	343146496
1299	MIKF01000571.1	20746	343408640
1300	MIKF01000572.1	20683	343670784
1301	MIKF01000573.1	20481	343932928
1302	MIKF01000574.1	20459	344195072
1303	MIKF01000575.1	20338	344457216
1304	MIKF01000576.1	20260	344719360
1305	MIKF01000577.1	20235	344981504
1306	MIKF01000578.1	19963	345243648
1307	MIKF01000058.1	157792	345505792
1308	MIKF01000579.1	19897	345767936
1309	MIKF01000580.1	19875	346030080
1310	MIKF01000581.1	19640	346292224
1311	MIKF01000582.1	19504	346554368
1312	MIKF01000583.1	19490	346816512
1313	MIKF01000584.1	19477	347078656
1314	MIKF01000585.1	19473	347340800
1315	MIKF01000586.1	19385	347602944
1316	MIKF01000587.1	19322	347865088
1317	MIKF01000588.1	19274	348127232
1318	MIKF01000059.1	156758	348389376
1319	MIKF01000589.1	19113	348651520
1320	MIKF01000590.1	19105	348913664
1321	MIKF01000591.1	18993	349175808
1322	MIKF01000592.1	18822	349437952
1323	MIKF01000593.1	18753	349700096
1324	MIKF01000594.1	18740	349962240
1325	MIKF01000595.1	18702	350224384
1326	MIKF01000596.1	18398	350486528
1327	MIKF01000597.1	18350	350748672
1328	MIKF01000598.1	18309	351010816
1329	MIKF01000006.1	356583	351272960
1330	MIKF01000060.1	156338	351797248
1331	MIKF01000599.1	18297	352059392
1332	MIKF01000600.1	18258	352321536
1333	MIKF01000601.1	18247	352583680
1334	MIKF01000602.1	18047	352845824
1335	MIKF01000603.1	17996	353107968
1336	MIKF01000604.1	17849	353370112
1337	MIKF01000605.1	17766	353632256
1338	MIKF01000606.1	17764	353894400
1339	MIKF01000607.1	17727	354156544
1340	MIKF01000608.1	17597	354418688
1341	MIKF01000061.1	153213	354680832
1342	MIKF01000609.1	17507	354942976
1343	MIKF01000610.1	17411	355205120
1344	MIKF01000611.1	17389	355467264
1345	MIKF01000612.1	17387	355729408
1346	MIKF01000613.1	17372	355991552
1347	MIKF01000614.1	17269	356253696
1348	MIKF01000615.1	17211	356515840
1349	MIKF01000616.1	17156	356777984
1350	MIKF01000617.1	17149	357040128
1351	MIKF01000618.1	17127	357302272
1352	MIKF01000062.1	151392	357564416
1353	MIKF01000619.1	17114	357826560
1354	MIKF01000620.1	17060	358088704
1355	MIKF01000621.1	17040	358350848
1356	MIKF01000622.1	16715	358612992
1357	MIKF01000623.1	16654	358875136
1358	MIKF01000624.1	16637	359137280
1359	MIKF01000625.1	16636	359399424
1360	MIKF01000626.1	16627	359661568
1361	MIKF01000627.1	16574	359923712
1362	MIKF01000628.1	16473	360185856
1363	MIKF01000063.1	150835	360448000
1364	MIKF01000629.1	16432	360710144
1365	MIKF01000630.1	16446	360972288
1366	MIKF01000631.1	16398	361234432
1367	MIKF01000632.1	16382	361496576
1368	MIKF01000633.1	16306	361758720
1369	MIKF01000634.1	16259	362020864
1370	MIKF01000635.1	16105	362283008
1371	MIKF01000636.1	16104	362545152
1372	MIKF01000637.1	16067	362807296
1373	MIKF01000638.1	16020	363069440
1374	MIKF01000064.1	148891	363331584
1375	MIKF01000639.1	15964	363593728
1376	MIKF01000640.1	15778	363855872
1377	MIKF01000641.1	15751	364118016
1378	MIKF01000642.1	15624	364380160
1379	MIKF01000643.1	15478	364642304
1380	MIKF01000644.1	15413	364904448
1381	MIKF01000645.1	15348	365166592
1382	MIKF01000646.1	15295	365428736
1383	MIKF01000647.1	15104	365690880
1384	MIKF01000648.1	15022	365953024
1385	MIKF01000065.1	147185	366215168
1386	MIKF01000649.1	14834	366477312
1387	MIKF01000650.1	14787	366739456
1388	MIKF01000651.1	14663	367001600
1389	MIKF01000652.1	14663	367263744
1390	MIKF01000653.1	14584	367525888
1391	MIKF01000654.1	14428	367788032
1392	MIKF01000655.1	14366	368050176
1393	MIKF01000656.1	14341	368312320
1394	MIKF01000657.1	14335	368574464
1395	MIKF01000658.1	14312	368836608
1396	MIKF01000066.1	146010	369098752
1397	MIKF01000659.1	14283	369360896
1398	MIKF01000660.1	14161	369623040
1399	MIKF01000661.1	14152	369885184
1400	MIKF01000662.1	13976	370147328
1401	MIKF01000663.1	13885	370409472
1402	MIKF01000664.1	13844	370671616
1403	MIKF01000665.1	13837	370933760
1404	MIKF01000666.1	13807	371195904
1405	MIKF01000667.1	13767	371458048
1406	MIKF01000668.1	13709	371720192
1407	MIKF01000067.1	144675	371982336
1408	MIKF01000669.1	13555	372244480
1409	MIKF01000670.1	13548	372506624
1410	MIKF01000671.1	13538	372768768
1411	MIKF01000672.1	13498	373030912
1412	MIKF01000673.1	13494	373293056
1413	MIKF01000674.1	13492	373555200
1414	MIKF01000675.1	13486	373817344
1415	MIKF01000676.1	13481	374079488
1416	MIKF01000677.1	13428	374341632
1417	MIKF01000678.1	13385	374603776
1418	MIKF01000068.1	143723	374865920
1419	MIKF01000679.1	13297	375128064
1420	MIKF01000680.1	13080	375390208
1421	MIKF01000681.1	13178	375652352
1422	MIKF01000682.1	13172	375914496
1423	MIKF01000683.1	13121	376176640
1424	MIKF01000684.1	12985	376438784
1425	MIKF01000685.1	12865	376700928
1426	MIKF01000686.1	12849	376963072
1427	MIKF01000687.1	12788	377225216
1428	MIKF01000688.1	12787	377487360
1429	MIKF01000069.1	143163	377749504
1430	MIKF01000689.1	12761	378011648
1431	MIKF01000690.1	12742	378273792
1432	MIKF01000691.1	12707	378535936
1433	MIKF01000692.1	12655	378798080
1434	MIKF01000693.1	12549	379060224
1435	MIKF01000694.1	12528	379322368
1436	MIKF01000695.1	12484	379584512
1437	MIKF01000696.1	12473	379846656
1438	MIKF01000697.1	12340	380108800
1439	MIKF01000698.1	12347	380370944
1440	MIKF01000007.1	332674	380633088
1441	MIKF01000070.1	142787	381157376
1442	MIKF01000699.1	12324	381419520
1443	MIKF01000700.1	12246	381681664
1444	MIKF01000701.1	12237	381943808
1445	MIKF01000702.1	12226	382205952
1446	MIKF01000703.1	12178	382468096
1447	MIKF01000704.1	12174	382730240
1448	MIKF01000705.1	12138	382992384
1449	MIKF01000706.1	12042	383254528
1450	MIKF01000707.1	11972	383516672
1451	MIKF01000708.1	11951	383778816
1452	MIKF01000071.1	141818	384040960
1453	MIKF01000709.1	11947	384303104
1454	MIKF01000710.1	11922	384565248
1455	MIKF01000711.1	11917	384827392
1456	MIKF01000712.1	11831	385089536
1457	MIKF01000713.1	11743	385351680
1458	MIKF01000714.1	11726	385613824
1459	MIKF01000715.1	11708	385875968
1460	MIKF01000716.1	11657	386138112
1461	MIKF01000717.1	11579	386400256
1462	MIKF01000718.1	11507	386662400
1463	MIKF01000072.1	139838	386924544
1464	MIKF01000719.1	11491	387186688
1465	MIKF01000720.1	11280	387448832
1466	MIKF01000721.1	11255	387710976
1467	MIKF01000722.1	11216	387973120
1468	MIKF01000723.1	11196	388235264
1469	MIKF01000724.1	11144	388497408
1470	MIKF01000725.1	11120	388759552
1471	MIKF01000726.1	11091	389021696
1472	MIKF01000727.1	11008	389283840
1473	MIKF01000728.1	10993	389545984
1474	MIKF01000073.1	138543	389808128
1475	MIKF01000729.1	10985	390070272
1476	MIKF01000730.1	10983	390332416
1477	MIKF01000731.1	10923	390594560
1478	MIKF01000732.1	10862	390856704
1479	MIKF01000733.1	10686	391118848
1480	MIKF01000734.1	10758	391380992
1481	MIKF01000735.1	10708	391643136
1482	MIKF01000736.1	10685	391905280
1483	MIKF01000737.1	10658	392167424
1484	MIKF01000738.1	10352	392429568
1485	MIKF01000074.1	138268	392691712
1486	MIKF01000739.1	10347	392953856
1487	MIKF01000740.1	10315	393216000
1488	MIKF01000741.1	10255	393478144
1489	MIKF01000742.1	10247	393740288
1490	MIKF01000743.1	10176	394002432
1491	MIKF01000744.1	10118	394264576
1492	MIKF01000745.1	10092	394526720
1493	MIKF01000746.1	10058	394788864
1494	MIKF01000747.1	10037	395051008
1495	MIKF01000748.1	10011	395313152
1496	MIKF01000075.1	138234	395575296
1497	MIKF01000749.1	9962	395837440
1498	MIKF01000750.1	9942	396099584
1499	MIKF01000751.1	9905	396361728
1500	MIKF01000752.1	9837	396623872
1501	MIKF01000753.1	9722	396886016
1502	MIKF01000754.1	9707	397148160
1503	MIKF01000755.1	9693	397410304
1504	MIKF01000756.1	9675	397672448
1505	MIKF01000757.1	9651	397934592
1506	MIKF01000758.1	9636	398196736
1507	MIKF01000076.1	134481	398458880
1508	MIKF01000759.1	9566	398721024
1509	MIKF01000760.1	9518	398983168
1510	MIKF01000761.1	9445	399245312
1511	MIKF01000762.1	9353	399507456
1512	MIKF01000763.1	9312	399769600
1513	MIKF01000764.1	9025	400031744
1514	MIKF01000765.1	8972	400293888
1515	MIKF01000766.1	8961	400556032
1516	MIKF01000767.1	8906	400818176
1517	MIKF01000768.1	8900	401080320
1518	MIKF01000077.1	133396	401342464
1519	MIKF01000769.1	8823	401604608
1520	MIKF01000770.1	8748	401866752
1521	MIKF01000771.1	8706	402128896
1522	MIKF01000772.1	8682	402391040
1523	MIKF01000773.1	8668	402653184
1524	MIKF01000774.1	8651	402915328
1525	MIKF01000775.1	8615	403177472
1526	MIKF01000776.1	8555	403439616
1527	MIKF01000777.1	8441	403701760
1528	MIKF01000778.1	8424	403963904
1529	MIKF01000078.1	133079	404226048
1530	MIKF01000779.1	8415	404488192
1531	MIKF01000780.1	8350	404750336
1532	MIKF01000781.1	8341	405012480
1533	MIKF01000782.1	8318	405274624
1534	MIKF01000783.1	8290	405536768
1535	MIKF01000784.1	8232	405798912
1536	MIKF01000785.1	8212	406061056
1537	MIKF01000786.1	8196	406323200
1538	MIKF01000787.1	8127	406585344
1539	MIKF01000788.1	8111	406847488
1540	MIKF01000079.1	132785	407109632
1541	MIKF01000789.1	8099	407371776
1542	MIKF01000790.1	8094	407633920
1543	MIKF01000791.1	8089	407896064
1544	MIKF01000792.1	8086	408158208
1545	MIKF01000793.1	7891	408420352
1546	MIKF01000794.1	7876	408682496
1547	MIKF01000795.1	7835	408944640
1548	MIKF01000796.1	7832	409206784
1549	MIKF01000797.1	7784	409468928
1550	MIKF01000798.1	7777	409731072
1551	MIKF01000008.1	330285	409993216
1552	MIKF01000080.1	132211	410517504
1553	MIKF01000799.1	7770	410779648
1554	MIKF01000800.1	7729	411041792
1555	MIKF01000801.1	7698	411303936
1556	MIKF01000802.1	7662	411566080
1557	MIKF01000803.1	7629	411828224
1558	MIKF01000804.1	7624	412090368
1559	MIKF01000805.1	7617	412352512
1560	MIKF01000806.1	7553	412614656
1561	MIKF01000807.1	7551	412876800
1562	MIKF01000808.1	7532	413138944
1563	MIKF01000081.1	128174	413401088
1564	MIKF01000809.1	7442	413663232
1565	MIKF01000810.1	7398	413925376
1566	MIKF01000811.1	7392	414187520
1567	MIKF01000812.1	7391	414449664
1568	MIKF01000813.1	7389	414711808
1569	MIKF01000814.1	7347	414973952
1570	MIKF01000815.1	7300	415236096
1571	MIKF01000816.1	7299	415498240
1572	MIKF01000817.1	7298	415760384
1573	MIKF01000818.1	7284	416022528
1574	MIKF01000082.1	127991	416284672
1575	MIKF01000819.1	7267	416546816
1576	MIKF01000820.1	7259	416808960
1577	MIKF01000821.1	7239	417071104
1578	MIKF01000822.1	7230	417333248
1579	MIKF01000823.1	7185	417595392
1580	MIKF01000824.1	7166	417857536
1581	MIKF01000825.1	7157	418119680
1582	MIKF01000826.1	7105	418381824
1583	MIKF01000827.1	7103	418643968
1584	MIKF01000828.1	7048	418906112
1585	MIKF01000083.1	127768	419168256
1586	MIKF01000829.1	7032	419430400
1587	MIKF01000830.1	6995	419692544
1588	MIKF01000831.1	6979	419954688
1589	MIKF01000832.1	6942	420216832
1590	MIKF01000833.1	6909	420478976
1591	MIKF01000834.1	6855	420741120
1592	MIKF01000835.1	6854	421003264
1593	MIKF01000836.1	6881	421265408
1594	MIKF01000837.1	6810	421527552
1595	MIKF01000838.1	6721	421789696
1596	MIKF01000084.1	127435	422051840
1597	MIKF01000839.1	6712	422313984
1598	MIKF01000840.1	6689	422576128
1599	MIKF01000841.1	6674	422838272
1600	MIKF01000842.1	6620	423100416
1601	MIKF01000843.1	6612	423362560
1602	MIKF01000844.1	6590	423624704
1603	MIKF01000845.1	6564	423886848
1604	MIKF01000846.1	6518	424148992
1605	MIKF01000847.1	6429	424411136
1606	MIKF01000848.1	6446	424673280
1607	MIKF01000085.1	127414	424935424
1608	MIKF01000849.1	6408	425197568
1609	MIKF01000850.1	6398	425459712
1610	MIKF01000851.1	6356	425721856
1611	MIKF01000852.1	6379	425984000
1612	MIKF01000853.1	6371	426246144
1613	MIKF01000854.1	6363	426508288
1614	MIKF01000855.1	6345	426770432
1615	MIKF01000856.1	6334	427032576
1616	MIKF01000857.1	6316	427294720
1617	MIKF01000858.1	6307	427556864
1618	MIKF01000086.1	127368	427819008
1619	MIKF01000859.1	6240	428081152
1620	MIKF01000860.1	6225	428343296
1621	MIKF01000861.1	6218	428605440
1622	MIKF01000862.1	6213	428867584
1623	MIKF01000863.1	6205	429129728
1624	MIKF01000864.1	6128	429391872
1625	MIKF01000865.1	6124	429654016
1626	MIKF01000866.1	6110	429916160
1627	MIKF01000867.1	6062	430178304
1628	MIKF01000868.1	6061	430440448
1629	MIKF01000087.1	127319	430702592
1630	MIKF01000869.1	6037	430964736
1631	MIKF01000870.1	6036	431226880
1632	MIKF01000871.1	6026	431489024
1633	MIKF01000872.1	6012	431751168
1634	MIKF01000873.1	6008	432013312
1635	MIKF01000874.1	5984	432275456
1636	MIKF01000875.1	5968	432537600
1637	MIKF01000876.1	5913	432799744
1638	MIKF01000877.1	5910	433061888
1639	MIKF01000878.1	5878	433324032
1640	MIKF01000088.1	126226	433586176
1641	MIKF01000879.1	5790	433848320
1642	MIKF01000880.1	5785	434110464
1643	MIKF01000881.1	5780	434372608
1644	MIKF01000882.1	5766	434634752
1645	MIKF01000883.1	5734	434896896
1646	MIKF01000884.1	5725	435159040
1647	MIKF01000885.1	5695	435421184
1648	MIKF01000886.1	5677	435683328
1649	MIKF01000887.1	5669	435945472
1650	MIKF01000888.1	5630	436207616
1651	MIKF01000089.1	125416	436469760
1652	MIKF01000889.1	5628	436731904
1653	MIKF01000890.1	5618	436994048
1654	MIKF01000891.1	5592	437256192
1655	MIKF01000892.1	5580	437518336
1656	MIKF01000893.1	5533	437780480
1657	MIKF01000894.1	5532	438042624
1658	MIKF01000895.1	5529	438304768
1659	MIKF01000896.1	5520	438566912
1660	MIKF01000897.1	5503	438829056
1661	MIKF01000898.1	5495	439091200
1662	MIKF01000009.1	330275	439353344
1663	MIKF01000090.1	125104	439877632
1664	MIKF01000899.1	5478	440139776
1665	MIKF01000900.1	5470	440401920
1666	MIKF01000901.1	5432	440664064
1667	MIKF01000902.1	5390	440926208
1668	MIKF01000903.1	5374	441188352
1669	MIKF01000904.1	5371	441450496
1670	MIKF01000905.1	5352	441712640
1671	MIKF01000906.1	5346	441974784
1672	MIKF01000907.1	5318	442236928
1673	MIKF01000908.1	5263	442499072
1674	MIKF01000909.1	5262	442761216
1675	MIKF01000910.1	5229	443023360
1676	MIKF01000911.1	5244	443285504
1677	MIKF01000912.1	5230	443547648
1678	MIKF01000913.1	5220	443809792
1679	MIKF01000914.1	5217	444071936
1680	MIKF01000915.1	5209	444334080
1681	MIKF01000916.1	5194	444596224
1682	MIKF01000917.1	5165	444858368
1683	MIKF01000918.1	5147	445120512
1684	MIKF01000091.1	123899	445382656
1685	MIKF01000919.1	5048	445644800
1686	MIKF01000920.1	5027	445906944
1687	MIKF01000921.1	5025	446169088
1688	MIKF01000922.1	4960	446431232
1689	MIKF01000923.1	4960	446693376
1690	MIKF01000924.1	4931	446955520
1691	MIKF01000925.1	4927	447217664
1692	MIKF01000926.1	4912	447479808
1693	MIKF01000927.1	4898	447741952
1694	MIKF01000928.1	4890	448004096
1695	MIKF01000092.1	123683	448266240
1696	MIKF01000929.1	4881	448528384
1697	MIKF01000930.1	4867	448790528
1698	MIKF01000931.1	4863	449052672
1699	MIKF01000932.1	4847	449314816
1700	MIKF01000933.1	4825	449576960
1701	MIKF01000934.1	4811	449839104
1702	MIKF01000935.1	4797	450101248
1703	MIKF01000936.1	4788	450363392
1704	MIKF01000937.1	4782	450625536
1705	MIKF01000938.1	4761	450887680
1706	MIKF01000093.1	123534	451149824
1707	MIKF01000939.1	4717	451411968
1708	MIKF01000940.1	4717	451674112
1709	MIKF01000941.1	4696	451936256
1710	MIKF01000942.1	4651	452198400
1711	MIKF01000943.1	4650	452460544
1712	MIKF01000944.1	4629	452722688
1713	MIKF01000945.1	4626	452984832
1714	MIKF01000946.1	4621	453246976
1715	MIKF01000947.1	4601	453509120
1716	MIKF01000948.1	4596	453771264
1717	MIKF01000094.1	122351	454033408
1718	MIKF01000949.1	4578	454295552
1719	MIKF01000950.1	4561	454557696
1720	MIKF01000951.1	4550	454819840
1721	MIKF01000952.1	4530	455081984
1722	MIKF01000953.1	4482	455344128
1723	MIKF01000954.1	4482	455606272
1724	MIKF01000955.1	4466	455868416
1725	MIKF01000956.1	4462	456130560
1726	MIKF01000957.1	4461	456392704
1727	MIKF01000958.1	4439	456654848
1728	MIKF01000095.1	121564	456916992
1729	MIKF01000959.1	4446	457179136
1730	MIKF01000960.1	4435	457441280
1731	MIKF01000961.1	4395	457703424
1732	MIKF01000962.1	4375	457965568
1733	MIKF01000963.1	4335	458227712
1734	MIKF01000964.1	4292	458489856
1735	MIKF01000965.1	4325	458752000
1736	MIKF01000966.1	4300	459014144
1737	MIKF01000967.1	4299	459276288
1738	MIKF01000968.1	4296	459538432
1739	MIKF01000096.1	121423	459800576
1740	MIKF01000969.1	4288	460062720
1741	MIKF01000970.1	4277	460324864
1742	MIKF01000971.1	4275	460587008
1743	MIKF01000972.1	4241	460849152
1744	MIKF01000973.1	4237	461111296
1745	MIKF01000974.1	4222	461373440
1746	MIKF01000975.1	4206	461635584
1747	MIKF01000976.1	4203	461897728
1748	MIKF01000977.1	4198	462159872
1749	MIKF01000978.1	4196	462422016
1750	MIKF01000097.1	121039	462684160
1751	MIKF01000979.1	4189	462946304
1752	MIKF01000980.1	4177	463208448
1753	MIKF01000981.1	4171	463470592
1754	MIKF01000982.1	4170	463732736
1755	MIKF01000983.1	4161	463994880
1756	MIKF01000984.1	4148	464257024
1757	MIKF01000985.1	4136	464519168
1758	MIKF01000986.1	4130	464781312
1759	MIKF01000987.1	4127	465043456
1760	MIKF01000988.1	4117	465305600
1761	MIKF01000098.1	118845	465567744
1762	MIKF01000989.1	4111	465829888
1763	MIKF01000990.1	4110	466092032
1764	MIKF01000991.1	4110	466354176
1765	MIKF01000992.1	4088	466616320
1766	MIKF01000993.1	4067	466878464
1767	MIKF01000994.1	4032	467140608
1768	MIKF01000995.1	4022	467402752
1769	MIKF01000996.1	4011	467664896
1770	MIKF01000997.1	3985	467927040
1771	MIKF01000998.1	3980	468189184
1772	MIKF01000306.1	54167	468451328
1773	MIKF01000521.1	24771	468713472
--sjdbOverhang = 100 taken from the generated genome
Started loading the genome: Tue Jan 13 12:52:22 2026

Genome: size given as a parameter = 475514548
SA: size given as a parameter = 470716269
SAindex: size given as a parameter = 1
Read from SAindex: pGe.gSAindexNbases=11  nSAi=5592404
nGenome=475514548;  nSAbyte=470716269
GstrandBit=32   SA number of indices=114113034
Shared memory is not used for genomes. Allocated a private copy of the genome.
Genome file size: 475514548 bytes; state: good=1 eof=0 fail=0 bad=0
Loading Genome ... done! state: good=1 eof=0 fail=0 bad=0; loaded 475514548 bytes
SA file size: 470716269 bytes; state: good=1 eof=0 fail=0 bad=0
Loading SA ... done! state: good=1 eof=0 fail=0 bad=0; loaded 470716269 bytes
Loading SAindex ... done: 24466875 bytes
Finished loading the genome: Tue Jan 13 12:52:22 2026

Processing splice junctions database sjdbN=32532,   pGe.sjdbOverhang=100 
alignIntronMax=alignMatesGapMax=0, the max intron size will be approximately determined by (2^winBinNbits)*winAnchorDistNbins=589824
Created thread # 1
Created thread # 2
Starting to map file # 0
mate 1:   results/bbsplit/Mycangia_LP4_fungus.fq.gz
Created thread # 3
Created thread # 4
Created thread # 5
Created thread # 6
Created thread # 7
Created thread # 8
Created thread # 9
Created thread # 10
Created thread # 11
Created thread # 12
Created thread # 13
Created thread # 14
Created thread # 15
Created thread # 16
Created thread # 17
Created thread # 18
Created thread # 19
Created thread # 20
Created thread # 21
Created thread # 22
Created thread # 23
Created thread # 24
Created thread # 25
Created thread # 26
Created thread # 27
Created thread # 28
Created thread # 29
Created thread # 30
Created thread # 31
Created thread # 32
Created thread # 33
Created thread # 34
Created thread # 35
Created thread # 36
Created thread # 37
Created thread # 38
Created thread # 39
Created thread # 40
Created thread # 41
Created thread # 42
Created thread # 43
Created thread # 44
Created thread # 45
Created thread # 46
Created thread # 47
Thread #1 end of input stream, nextChar=-1
Completed: thread #2
Completed: thread #3
Completed: thread #4
Completed: thread #5
Completed: thread #6
Completed: thread #9
Completed: thread #8
Completed: thread #7
Completed: thread #13
Completed: thread #14
Completed: thread #15
Completed: thread #12
Completed: thread #10
Completed: thread #16
Completed: thread #19
Completed: thread #20
Completed: thread #21
Completed: thread #22
Completed: thread #23
Completed: thread #11
Completed: thread #25
Completed: thread #27
Completed: thread #28
Completed: thread #18
Completed: thread #31
Completed: thread #32
Completed: thread #29
Completed: thread #33
Completed: thread #34
Completed: thread #35
Completed: thread #36
Completed: thread #24
Completed: thread #38
Completed: thread #40
Completed: thread #41
Completed: thread #42
Completed: thread #44
Completed: thread #39
Completed: thread #0
Completed: thread #17
Completed: thread #37
Completed: thread #43
Completed: thread #30
Completed: thread #45
Completed: thread #46
Completed: thread #47
Completed: thread #26
Completed: thread #1
Joined thread # 1
Joined thread # 2
Joined thread # 3
Joined thread # 4
Joined thread # 5
Joined thread # 6
Joined thread # 7
Joined thread # 8
Joined thread # 9
Joined thread # 10
Joined thread # 11
Joined thread # 12
Joined thread # 13
Joined thread # 14
Joined thread # 15
Joined thread # 16
Joined thread # 17
Joined thread # 18
Joined thread # 19
Joined thread # 20
Joined thread # 21
Joined thread # 22
Joined thread # 23
Joined thread # 24
Joined thread # 25
Joined thread # 26
Joined thread # 27
Joined thread # 28
Joined thread # 29
Joined thread # 30
Joined thread # 31
Joined thread # 32
Joined thread # 33
Joined thread # 34
Joined thread # 35
Joined thread # 36
Joined thread # 37
Joined thread # 38
Joined thread # 39
Joined thread # 40
Joined thread # 41
Joined thread # 42
Joined thread # 43
Joined thread # 44
Joined thread # 45
Joined thread # 46
Joined thread # 47
Jan 13 12:52:44 ..... finished mapping
RAM after mapping:
VmPeak:	 8772900 kB; VmSize:	 8354936 kB; VmHWM:	 5764152 kB; VmRSS:	 5763604 kB; 
RAM after freeing genome index memory:
VmPeak:	 8772900 kB; VmSize:	 7406984 kB; VmHWM:	 5764152 kB; VmRSS:	 4815652 kB; 
ALL DONE!
