                                 Started job on |	Jan 13 12:52:22
                             Started mapping on |	Jan 13 12:52:22
                                    Finished on |	Jan 13 12:52:52
       Mapping speed, Million of reads per hour |	63.30

                          Number of input reads |	527540
                      Average input read length |	99
                                    UNIQUE READS:
                   Uniquely mapped reads number |	329374
                        Uniquely mapped reads % |	62.44%
                          Average mapped length |	97.99
                       Number of splices: Total |	34386
            Number of splices: Annotated (sjdb) |	27216
                       Number of splices: GT/AG |	29324
                       Number of splices: GC/AG |	280
                       Number of splices: AT/AC |	6
               Number of splices: Non-canonical |	4776
                      Mismatch rate per base, % |	2.47%
                         Deletion rate per base |	0.04%
                        Deletion average length |	2.05
                        Insertion rate per base |	0.08%
                       Insertion average length |	1.90
                             MULTI-MAPPING READS:
        Number of reads mapped to multiple loci |	6437
             % of reads mapped to multiple loci |	1.22%
        Number of reads mapped to too many loci |	55
             % of reads mapped to too many loci |	0.01%
                                  UNMAPPED READS:
  Number of reads unmapped: too many mismatches |	0
       % of reads unmapped: too many mismatches |	0.00%
            Number of reads unmapped: too short |	191664
                 % of reads unmapped: too short |	36.33%
                Number of reads unmapped: other |	10
                     % of reads unmapped: other |	0.00%
                                  CHIMERIC READS:
                       Number of chimeric reads |	0
                            % of chimeric reads |	0.00%
