                                 Started job on |	Jan 13 12:52:22
                             Started mapping on |	Jan 13 12:52:22
                                    Finished on |	Jan 13 12:52:35
       Mapping speed, Million of reads per hour |	10.13

                          Number of input reads |	36574
                      Average input read length |	96
                                    UNIQUE READS:
                   Uniquely mapped reads number |	13981
                        Uniquely mapped reads % |	38.23%
                          Average mapped length |	90.03
                       Number of splices: Total |	301
            Number of splices: Annotated (sjdb) |	37
                       Number of splices: GT/AG |	49
                       Number of splices: GC/AG |	2
                       Number of splices: AT/AC |	0
               Number of splices: Non-canonical |	250
                      Mismatch rate per base, % |	5.86%
                         Deletion rate per base |	0.05%
                        Deletion average length |	1.17
                        Insertion rate per base |	0.15%
                       Insertion average length |	1.68
                             MULTI-MAPPING READS:
        Number of reads mapped to multiple loci |	713
             % of reads mapped to multiple loci |	1.95%
        Number of reads mapped to too many loci |	11
             % of reads mapped to too many loci |	0.03%
                                  UNMAPPED READS:
  Number of reads unmapped: too many mismatches |	0
       % of reads unmapped: too many mismatches |	0.00%
            Number of reads unmapped: too short |	21866
                 % of reads unmapped: too short |	59.79%
                Number of reads unmapped: other |	3
                     % of reads unmapped: other |	0.01%
                                  CHIMERIC READS:
                       Number of chimeric reads |	0
                            % of chimeric reads |	0.00%
