                                 Started job on |	Jan 13 12:52:22
                             Started mapping on |	Jan 13 12:52:23
                                    Finished on |	Jan 13 12:52:30
       Mapping speed, Million of reads per hour |	7.75

                          Number of input reads |	15062
                      Average input read length |	99
                                    UNIQUE READS:
                   Uniquely mapped reads number |	3141
                        Uniquely mapped reads % |	20.85%
                          Average mapped length |	97.24
                       Number of splices: Total |	267
            Number of splices: Annotated (sjdb) |	233
                       Number of splices: GT/AG |	246
                       Number of splices: GC/AG |	2
                       Number of splices: AT/AC |	0
               Number of splices: Non-canonical |	19
                      Mismatch rate per base, % |	3.77%
                         Deletion rate per base |	0.11%
                        Deletion average length |	2.16
                        Insertion rate per base |	0.06%
                       Insertion average length |	2.11
                             MULTI-MAPPING READS:
        Number of reads mapped to multiple loci |	150
             % of reads mapped to multiple loci |	1.00%
        Number of reads mapped to too many loci |	21
             % of reads mapped to too many loci |	0.14%
                                  UNMAPPED READS:
  Number of reads unmapped: too many mismatches |	0
       % of reads unmapped: too many mismatches |	0.00%
            Number of reads unmapped: too short |	11747
                 % of reads unmapped: too short |	77.99%
                Number of reads unmapped: other |	3
                     % of reads unmapped: other |	0.02%
                                  CHIMERIC READS:
                       Number of chimeric reads |	0
                            % of chimeric reads |	0.00%
